TpTrace Verbose: 0 : 3672, 1, 2021/08/06, 07:29:15.919, 3362167955251, vstest.console.dll, Version: 16.8.3
TpTrace Information: 0 : 3672, 1, 2021/08/06, 07:29:15.947, 3362168189352, vstest.console.dll, FilePatternParser: The given file D:\GetHub\homeCareService\HomeCarService.BackEnd\Test\XUnitTest.Base\bin\Debug\netcoreapp3.1\fine-code-coverage\build-output\XUnitTest.Base.dll is a full path.
TpTrace Verbose: 0 : 3672, 1, 2021/08/06, 07:29:15.967, 3362168392562, vstest.console.dll, TestPluginCache.DiscoverTestExtensions: finding test extensions in assemblies ends with: RuntimeProvider.dll TPluginInfo: Microsoft.VisualStudio.TestPlatform.Common.ExtensionFramework.Utilities.TestRuntimePluginInformation TExtension: Microsoft.VisualStudio.TestPlatform.ObjectModel.Host.ITestRuntimeProvider
TpTrace Verbose: 0 : 3672, 1, 2021/08/06, 07:29:15.968, 3362168398690, vstest.console.dll, TestPluginCache.GetExtensionPaths: Filtered extension paths: 
TpTrace Verbose: 0 : 3672, 1, 2021/08/06, 07:29:15.968, 3362168400455, vstest.console.dll, TestPluginCache.GetExtensionPaths: Added default extension paths: C:\Program Files\dotnet\sdk\5.0.104\Extensions\Microsoft.Diagnostics.NETCore.Client.dll
C:\Program Files\dotnet\sdk\5.0.104\Extensions\Microsoft.TestPlatform.Extensions.BlameDataCollector.dll
C:\Program Files\dotnet\sdk\5.0.104\Extensions\Microsoft.TestPlatform.Extensions.EventLogCollector.dll
C:\Program Files\dotnet\sdk\5.0.104\Extensions\Microsoft.TestPlatform.TestHostRuntimeProvider.dll
C:\Program Files\dotnet\sdk\5.0.104\Extensions\Microsoft.VisualStudio.TestPlatform.Extensions.Html.TestLogger.dll
C:\Program Files\dotnet\sdk\5.0.104\Extensions\Microsoft.VisualStudio.TestPlatform.Extensions.Trx.TestLogger.dll
TpTrace Verbose: 0 : 3672, 1, 2021/08/06, 07:29:15.968, 3362168401481, vstest.console.dll, TestPluginCache.GetExtensionPaths: Added unfilterableExtensionPaths: 
TpTrace Information: 0 : 3672, 1, 2021/08/06, 07:29:15.969, 3362168415605, vstest.console.dll, AssemblyResolver.ctor: Creating AssemblyResolver with searchDirectories C:\Program Files\dotnet\sdk\5.0.104\Extensions,C:\Program Files\dotnet\sdk\5.0.104
TpTrace Verbose: 0 : 3672, 1, 2021/08/06, 07:29:15.972, 3362168441735, vstest.console.dll, TestPluginCache.DiscoverTestExtensions: Discovering the extensions using extension path.
TpTrace Verbose: 0 : 3672, 1, 2021/08/06, 07:29:15.972, 3362168444265, vstest.console.dll, TestPluginCache.GetExtensionPaths: Filtered extension paths: 
TpTrace Verbose: 0 : 3672, 1, 2021/08/06, 07:29:15.972, 3362168445196, vstest.console.dll, TestPluginCache.GetExtensionPaths: Added default extension paths: C:\Program Files\dotnet\sdk\5.0.104\Extensions\Microsoft.Diagnostics.NETCore.Client.dll
C:\Program Files\dotnet\sdk\5.0.104\Extensions\Microsoft.TestPlatform.Extensions.BlameDataCollector.dll
C:\Program Files\dotnet\sdk\5.0.104\Extensions\Microsoft.TestPlatform.Extensions.EventLogCollector.dll
C:\Program Files\dotnet\sdk\5.0.104\Extensions\Microsoft.TestPlatform.TestHostRuntimeProvider.dll
C:\Program Files\dotnet\sdk\5.0.104\Extensions\Microsoft.VisualStudio.TestPlatform.Extensions.Html.TestLogger.dll
C:\Program Files\dotnet\sdk\5.0.104\Extensions\Microsoft.VisualStudio.TestPlatform.Extensions.Trx.TestLogger.dll
TpTrace Verbose: 0 : 3672, 1, 2021/08/06, 07:29:15.972, 3362168446122, vstest.console.dll, TestPluginCache.GetExtensionPaths: Added unfilterableExtensionPaths: 
TpTrace Verbose: 0 : 3672, 1, 2021/08/06, 07:29:15.973, 3362168447417, vstest.console.dll, TestPluginCache.DiscoverTestExtensions: Discovering the extensions using allExtensionPaths: C:\Program Files\dotnet\sdk\5.0.104\Extensions\Microsoft.Diagnostics.NETCore.Client.dll
C:\Program Files\dotnet\sdk\5.0.104\Extensions\Microsoft.TestPlatform.Extensions.BlameDataCollector.dll
C:\Program Files\dotnet\sdk\5.0.104\Extensions\Microsoft.TestPlatform.Extensions.EventLogCollector.dll
C:\Program Files\dotnet\sdk\5.0.104\Extensions\Microsoft.TestPlatform.TestHostRuntimeProvider.dll
C:\Program Files\dotnet\sdk\5.0.104\Extensions\Microsoft.VisualStudio.TestPlatform.Extensions.Html.TestLogger.dll
C:\Program Files\dotnet\sdk\5.0.104\Extensions\Microsoft.VisualStudio.TestPlatform.Extensions.Trx.TestLogger.dll
TpTrace Information: 0 : 3672, 1, 2021/08/06, 07:29:15.973, 3362168452027, vstest.console.dll, AssemblyResolver.AddSearchDirectories: Adding more searchDirectories C:\Program Files\dotnet\sdk\5.0.104\Extensions,C:\Program Files\dotnet\sdk\5.0.104
TpTrace Information: 0 : 3672, 1, 2021/08/06, 07:29:15.973, 3362168453360, vstest.console.dll, AssemblyResolver.AddSearchDirectories: Adding more searchDirectories C:\Program Files\dotnet\sdk\5.0.104\Extensions,C:\Program Files\dotnet\sdk\5.0.104
TpTrace Information: 0 : 3672, 1, 2021/08/06, 07:29:15.973, 3362168454422, vstest.console.dll, AssemblyResolver.AddSearchDirectories: Adding more searchDirectories C:\Program Files\dotnet\sdk\5.0.104\Extensions,C:\Program Files\dotnet\sdk\5.0.104
TpTrace Information: 0 : 3672, 1, 2021/08/06, 07:29:15.973, 3362168455111, vstest.console.dll, AssemblyResolver.AddSearchDirectories: Adding more searchDirectories C:\Program Files\dotnet\sdk\5.0.104\Extensions,C:\Program Files\dotnet\sdk\5.0.104
TpTrace Information: 0 : 3672, 1, 2021/08/06, 07:29:15.973, 3362168455707, vstest.console.dll, AssemblyResolver.AddSearchDirectories: Adding more searchDirectories C:\Program Files\dotnet\sdk\5.0.104\Extensions,C:\Program Files\dotnet\sdk\5.0.104
TpTrace Information: 0 : 3672, 1, 2021/08/06, 07:29:15.974, 3362168456287, vstest.console.dll, AssemblyResolver.AddSearchDirectories: Adding more searchDirectories C:\Program Files\dotnet\sdk\5.0.104\Extensions,C:\Program Files\dotnet\sdk\5.0.104
TpTrace Information: 0 : 3672, 1, 2021/08/06, 07:29:15.974, 3362168462230, vstest.console.dll, AssemblyResolver.OnResolve: Microsoft.Diagnostics.NETCore.Client: Resolving assembly.
TpTrace Information: 0 : 3672, 1, 2021/08/06, 07:29:15.984, 3362168565134, vstest.console.dll, AssemblyResolver.OnResolve: Resolved assembly: Microsoft.Diagnostics.NETCore.Client, from path: C:\Program Files\dotnet\sdk\5.0.104\Extensions\Microsoft.Diagnostics.NETCore.Client.dll
TpTrace Information: 0 : 3672, 1, 2021/08/06, 07:29:15.988, 3362168605364, vstest.console.dll, AssemblyResolver.OnResolve: Microsoft.Bcl.AsyncInterfaces: Resolving assembly.
TpTrace Information: 0 : 3672, 1, 2021/08/06, 07:29:15.989, 3362168609888, vstest.console.dll, AssemblyResolver.OnResolve: Microsoft.Bcl.AsyncInterfaces: Failed to load assembly.
TpTrace Verbose: 0 : 3672, 1, 2021/08/06, 07:29:15.989, 3362168611203, vstest.console.dll, CurrentDomain_AssemblyResolve: Resolving assembly 'Microsoft.Bcl.AsyncInterfaces'.
TpTrace Information: 0 : 3672, 1, 2021/08/06, 07:29:15.989, 3362168612495, vstest.console.dll, AssemblyResolver.OnResolve: Microsoft.Bcl.AsyncInterfaces: Resolving assembly.
TpTrace Information: 0 : 3672, 1, 2021/08/06, 07:29:15.989, 3362168613302, vstest.console.dll, AssemblyResolver.OnResolve: Microsoft.Bcl.AsyncInterfaces: Resolved from cache.
TpTrace Verbose: 0 : 3672, 1, 2021/08/06, 07:29:15.989, 3362168613935, vstest.console.dll, CurrentDomain_AssemblyResolve: Resolving assembly 'Microsoft.Bcl.AsyncInterfaces'.
TpTrace Verbose: 0 : 3672, 1, 2021/08/06, 07:29:15.989, 3362168614771, vstest.console.dll, CurrentDomainAssemblyResolve: Failed to resolve assembly 'Microsoft.Bcl.AsyncInterfaces'.
TpTrace Verbose: 0 : 3672, 1, 2021/08/06, 07:29:16.001, 3362168729630, vstest.console.dll, CurrentDomainAssemblyResolve: Failed to resolve assembly 'Microsoft.Bcl.AsyncInterfaces'.
TpTrace Warning: 0 : 3672, 1, 2021/08/06, 07:29:16.032, 3362169037979, vstest.console.dll, TestPluginDiscoverer: Failed to get types from assembly 'Microsoft.Diagnostics.NETCore.Client, Version=0.2.2.41902, Culture=neutral, PublicKeyToken=31bf3856ad364e35'.  Skipping test extension scan for this assembly.  Error: System.Reflection.ReflectionTypeLoadException: Unable to load one or more of the requested types.
Could not load file or assembly 'Microsoft.Bcl.AsyncInterfaces, Version=1.0.0.0, Culture=neutral, PublicKeyToken=cc7b13ffcd2ddd51'. The system cannot find the file specified.
   at System.Reflection.RuntimeModule.GetTypes(RuntimeModule module)
   at System.Reflection.RuntimeModule.GetTypes()
   at System.Reflection.Assembly.GetTypes()
   at Microsoft.VisualStudio.TestPlatform.Common.ExtensionFramework.TestPluginDiscoverer.GetTestExtensionsFromAssembly[TPluginInfo,TExtension](Assembly assembly, Dictionary`2 pluginInfos)
System.IO.FileNotFoundException: Could not load file or assembly 'Microsoft.Bcl.AsyncInterfaces, Version=1.0.0.0, Culture=neutral, PublicKeyToken=cc7b13ffcd2ddd51'. The system cannot find the file specified.
File name: 'Microsoft.Bcl.AsyncInterfaces, Version=1.0.0.0, Culture=neutral, PublicKeyToken=cc7b13ffcd2ddd51'
TpTrace Warning: 0 : 3672, 1, 2021/08/06, 07:29:16.032, 3362169039834, vstest.console.dll, LoaderExceptions: System.IO.FileNotFoundException: Could not load file or assembly 'Microsoft.Bcl.AsyncInterfaces, Version=1.0.0.0, Culture=neutral, PublicKeyToken=cc7b13ffcd2ddd51'. The system cannot find the file specified.
File name: 'Microsoft.Bcl.AsyncInterfaces, Version=1.0.0.0, Culture=neutral, PublicKeyToken=cc7b13ffcd2ddd51'
TpTrace Information: 0 : 3672, 1, 2021/08/06, 07:29:16.032, 3362169041228, vstest.console.dll, AssemblyResolver.OnResolve: Microsoft.TestPlatform.Extensions.BlameDataCollector: Resolving assembly.
TpTrace Information: 0 : 3672, 1, 2021/08/06, 07:29:16.034, 3362169064245, vstest.console.dll, AssemblyResolver.OnResolve: Resolved assembly: Microsoft.TestPlatform.Extensions.BlameDataCollector, from path: C:\Program Files\dotnet\sdk\5.0.104\Extensions\Microsoft.TestPlatform.Extensions.BlameDataCollector.dll
TpTrace Information: 0 : 3672, 1, 2021/08/06, 07:29:16.035, 3362169073108, vstest.console.dll, AssemblyResolver.OnResolve: Microsoft.TestPlatform.Extensions.EventLogCollector: Resolving assembly.
TpTrace Information: 0 : 3672, 1, 2021/08/06, 07:29:16.044, 3362169159607, vstest.console.dll, AssemblyResolver.OnResolve: Resolved assembly: Microsoft.TestPlatform.Extensions.EventLogCollector, from path: C:\Program Files\dotnet\sdk\5.0.104\Extensions\Microsoft.TestPlatform.Extensions.EventLogCollector.dll
TpTrace Information: 0 : 3672, 1, 2021/08/06, 07:29:16.046, 3362169179893, vstest.console.dll, AssemblyResolver.OnResolve: Microsoft.TestPlatform.TestHostRuntimeProvider: Resolving assembly.
TpTrace Information: 0 : 3672, 1, 2021/08/06, 07:29:16.053, 3362169252285, vstest.console.dll, AssemblyResolver.OnResolve: Resolved assembly: Microsoft.TestPlatform.TestHostRuntimeProvider, from path: C:\Program Files\dotnet\sdk\5.0.104\Extensions\Microsoft.TestPlatform.TestHostRuntimeProvider.dll
TpTrace Information: 0 : 3672, 1, 2021/08/06, 07:29:16.055, 3362169269340, vstest.console.dll, AssemblyResolver.OnResolve: Microsoft.VisualStudio.TestPlatform.Extensions.Html.TestLogger: Resolving assembly.
TpTrace Information: 0 : 3672, 1, 2021/08/06, 07:29:16.057, 3362169288836, vstest.console.dll, AssemblyResolver.OnResolve: Resolved assembly: Microsoft.VisualStudio.TestPlatform.Extensions.Html.TestLogger, from path: C:\Program Files\dotnet\sdk\5.0.104\Extensions\Microsoft.VisualStudio.TestPlatform.Extensions.Html.TestLogger.dll
TpTrace Information: 0 : 3672, 1, 2021/08/06, 07:29:16.057, 3362169292865, vstest.console.dll, AssemblyResolver.OnResolve: Microsoft.VisualStudio.TestPlatform.Extensions.Trx.TestLogger: Resolving assembly.
TpTrace Information: 0 : 3672, 1, 2021/08/06, 07:29:16.060, 3362169325549, vstest.console.dll, AssemblyResolver.OnResolve: Resolved assembly: Microsoft.VisualStudio.TestPlatform.Extensions.Trx.TestLogger, from path: C:\Program Files\dotnet\sdk\5.0.104\Extensions\Microsoft.VisualStudio.TestPlatform.Extensions.Trx.TestLogger.dll
TpTrace Verbose: 0 : 3672, 1, 2021/08/06, 07:29:16.062, 3362169344753, vstest.console.dll, TestPluginCache: Discovered the extensions using extension path ''.
TpTrace Verbose: 0 : 3672, 1, 2021/08/06, 07:29:16.062, 3362169345957, vstest.console.dll, TestPluginCache: Discoverers are ''.
TpTrace Verbose: 0 : 3672, 1, 2021/08/06, 07:29:16.063, 3362169346505, vstest.console.dll, TestPluginCache: Executors are ''.
TpTrace Verbose: 0 : 3672, 1, 2021/08/06, 07:29:16.063, 3362169349509, vstest.console.dll, TestPluginCache: Executors2 are ''.
TpTrace Verbose: 0 : 3672, 1, 2021/08/06, 07:29:16.063, 3362169350414, vstest.console.dll, TestPluginCache: Setting providers are ''.
TpTrace Verbose: 0 : 3672, 1, 2021/08/06, 07:29:16.063, 3362169351040, vstest.console.dll, TestPluginCache: Loggers are ''.
TpTrace Information: 0 : 3672, 1, 2021/08/06, 07:29:16.071, 3362169431160, vstest.console.dll, RunTestsArgumentProcessor:Execute: Test run is starting.
TpTrace Verbose: 0 : 3672, 1, 2021/08/06, 07:29:16.071, 3362169432325, vstest.console.dll, RunTestsArgumentProcessor:Execute: Queuing Test run.
TpTrace Information: 0 : 3672, 1, 2021/08/06, 07:29:16.071, 3362169434314, vstest.console.dll, TestRequestManager.RunTests: run tests started.
TpTrace Information: 0 : 3672, 1, 2021/08/06, 07:29:16.076, 3362169484841, vstest.console.dll, AssemblyMetadataProvider.GetFrameWork: Determined framework:'.NETCoreApp,Version=v3.1' for source: 'D:\GetHub\homeCareService\HomeCarService.BackEnd\Test\XUnitTest.Base\bin\Debug\netcoreapp3.1\fine-code-coverage\build-output\XUnitTest.Base.dll'
TpTrace Information: 0 : 3672, 1, 2021/08/06, 07:29:16.077, 3362169487152, vstest.console.dll, Determined framework for all sources: .NETCoreApp,Version=v3.1
TpTrace Information: 0 : 3672, 1, 2021/08/06, 07:29:16.077, 3362169494634, vstest.console.dll, AssemblyMetadataProvider.GetArchitecture: Determined architecture:AnyCPU info for assembly: D:\GetHub\homeCareService\HomeCarService.BackEnd\Test\XUnitTest.Base\bin\Debug\netcoreapp3.1\fine-code-coverage\build-output\XUnitTest.Base.dll
TpTrace Information: 0 : 3672, 1, 2021/08/06, 07:29:16.080, 3362169516509, vstest.console.dll, Determined platform for all sources: X64
TpTrace Information: 0 : 3672, 1, 2021/08/06, 07:29:16.082, 3362169543843, vstest.console.dll, Compatible sources list : 
TpTrace Information: 0 : 3672, 1, 2021/08/06, 07:29:16.082, 3362169544959, vstest.console.dll, D:\GetHub\homeCareService\HomeCarService.BackEnd\Test\XUnitTest.Base\bin\Debug\netcoreapp3.1\fine-code-coverage\build-output\XUnitTest.Base.dll
TpTrace Information: 0 : 3672, 1, 2021/08/06, 07:29:16.087, 3362169595847, vstest.console.dll, InferRunSettingsHelper.IsTestSettingsEnabled: Unable to navigate to RunSettings/MSTest. Current node: RunSettings
TpTrace Information: 0 : 3672, 1, 2021/08/06, 07:29:16.089, 3362169607289, vstest.console.dll, AssemblyResolver.OnResolve: Microsoft.VisualStudio.TestPlatform.Fakes: Resolving assembly.
TpTrace Information: 0 : 3672, 1, 2021/08/06, 07:29:16.089, 3362169611105, vstest.console.dll, AssemblyResolver.OnResolve: Microsoft.VisualStudio.TestPlatform.Fakes: Failed to load assembly.
TpTrace Information: 0 : 3672, 1, 2021/08/06, 07:29:16.090, 3362169621510, vstest.console.dll, Failed to create newly implemented Fakes Configurator. Reason:System.IO.FileNotFoundException: Could not load file or assembly 'Microsoft.VisualStudio.TestPlatform.Fakes, Version=16.0.0.0, Culture=neutral, PublicKeyToken=null'. The system cannot find the file specified.
File name: 'Microsoft.VisualStudio.TestPlatform.Fakes, Version=16.0.0.0, Culture=neutral, PublicKeyToken=null'
   at System.Reflection.RuntimeAssembly.InternalLoad(ObjectHandleOnStack assemblyName, ObjectHandleOnStack requestingAssembly, StackCrawlMarkHandle stackMark, Boolean throwOnFileNotFound, ObjectHandleOnStack assemblyLoadContext, ObjectHandleOnStack retAssembly)
   at System.Reflection.RuntimeAssembly.InternalLoad(AssemblyName assemblyName, RuntimeAssembly requestingAssembly, StackCrawlMark& stackMark, Boolean throwOnFileNotFound, AssemblyLoadContext assemblyLoadContext)
   at System.Reflection.Assembly.Load(String assemblyString)
   at Microsoft.VisualStudio.TestPlatform.Common.Utilities.FakesUtilities.TryGetFakesCrossPlatformDataCollectorConfigurator() 
TpTrace Verbose: 0 : 3672, 1, 2021/08/06, 07:29:16.095, 3362169668244, vstest.console.dll, TestPluginCache.DiscoverTestExtensions: finding test extensions in assemblies ends with: TestLogger.dll TPluginInfo: Microsoft.VisualStudio.TestPlatform.Common.ExtensionFramework.Utilities.TestLoggerPluginInformation TExtension: Microsoft.VisualStudio.TestPlatform.ObjectModel.Client.ITestLogger
TpTrace Verbose: 0 : 3672, 1, 2021/08/06, 07:29:16.095, 3362169669544, vstest.console.dll, TestPluginCache.GetExtensionPaths: Filtered extension paths: 
TpTrace Verbose: 0 : 3672, 1, 2021/08/06, 07:29:16.095, 3362169670234, vstest.console.dll, TestPluginCache.GetExtensionPaths: Added default extension paths: C:\Program Files\dotnet\sdk\5.0.104\Extensions\Microsoft.Diagnostics.NETCore.Client.dll
C:\Program Files\dotnet\sdk\5.0.104\Extensions\Microsoft.TestPlatform.Extensions.BlameDataCollector.dll
C:\Program Files\dotnet\sdk\5.0.104\Extensions\Microsoft.TestPlatform.Extensions.EventLogCollector.dll
C:\Program Files\dotnet\sdk\5.0.104\Extensions\Microsoft.TestPlatform.TestHostRuntimeProvider.dll
C:\Program Files\dotnet\sdk\5.0.104\Extensions\Microsoft.VisualStudio.TestPlatform.Extensions.Html.TestLogger.dll
C:\Program Files\dotnet\sdk\5.0.104\Extensions\Microsoft.VisualStudio.TestPlatform.Extensions.Trx.TestLogger.dll
TpTrace Verbose: 0 : 3672, 1, 2021/08/06, 07:29:16.095, 3362169670685, vstest.console.dll, TestPluginCache.GetExtensionPaths: Added unfilterableExtensionPaths: 
TpTrace Information: 0 : 3672, 1, 2021/08/06, 07:29:16.095, 3362169672590, vstest.console.dll, AssemblyResolver.AddSearchDirectories: Adding more searchDirectories C:\Program Files\dotnet\sdk\5.0.104\Extensions,C:\Program Files\dotnet\sdk\5.0.104
TpTrace Verbose: 0 : 3672, 1, 2021/08/06, 07:29:16.095, 3362169673233, vstest.console.dll, TestPluginCache.DiscoverTestExtensions: Discovering the extensions using extension path.
TpTrace Verbose: 0 : 3672, 1, 2021/08/06, 07:29:16.095, 3362169673606, vstest.console.dll, TestPluginCache.GetExtensionPaths: Filtered extension paths: 
TpTrace Verbose: 0 : 3672, 1, 2021/08/06, 07:29:16.095, 3362169673946, vstest.console.dll, TestPluginCache.GetExtensionPaths: Added default extension paths: C:\Program Files\dotnet\sdk\5.0.104\Extensions\Microsoft.Diagnostics.NETCore.Client.dll
C:\Program Files\dotnet\sdk\5.0.104\Extensions\Microsoft.TestPlatform.Extensions.BlameDataCollector.dll
C:\Program Files\dotnet\sdk\5.0.104\Extensions\Microsoft.TestPlatform.Extensions.EventLogCollector.dll
C:\Program Files\dotnet\sdk\5.0.104\Extensions\Microsoft.TestPlatform.TestHostRuntimeProvider.dll
C:\Program Files\dotnet\sdk\5.0.104\Extensions\Microsoft.VisualStudio.TestPlatform.Extensions.Html.TestLogger.dll
C:\Program Files\dotnet\sdk\5.0.104\Extensions\Microsoft.VisualStudio.TestPlatform.Extensions.Trx.TestLogger.dll
TpTrace Verbose: 0 : 3672, 1, 2021/08/06, 07:29:16.095, 3362169674366, vstest.console.dll, TestPluginCache.GetExtensionPaths: Added unfilterableExtensionPaths: 
TpTrace Verbose: 0 : 3672, 1, 2021/08/06, 07:29:16.095, 3362169674721, vstest.console.dll, TestPluginCache.DiscoverTestExtensions: Discovering the extensions using allExtensionPaths: C:\Program Files\dotnet\sdk\5.0.104\Extensions\Microsoft.Diagnostics.NETCore.Client.dll
C:\Program Files\dotnet\sdk\5.0.104\Extensions\Microsoft.TestPlatform.Extensions.BlameDataCollector.dll
C:\Program Files\dotnet\sdk\5.0.104\Extensions\Microsoft.TestPlatform.Extensions.EventLogCollector.dll
C:\Program Files\dotnet\sdk\5.0.104\Extensions\Microsoft.TestPlatform.TestHostRuntimeProvider.dll
C:\Program Files\dotnet\sdk\5.0.104\Extensions\Microsoft.VisualStudio.TestPlatform.Extensions.Html.TestLogger.dll
C:\Program Files\dotnet\sdk\5.0.104\Extensions\Microsoft.VisualStudio.TestPlatform.Extensions.Trx.TestLogger.dll
TpTrace Information: 0 : 3672, 1, 2021/08/06, 07:29:16.095, 3362169675252, vstest.console.dll, AssemblyResolver.AddSearchDirectories: Adding more searchDirectories C:\Program Files\dotnet\sdk\5.0.104\Extensions,C:\Program Files\dotnet\sdk\5.0.104
TpTrace Information: 0 : 3672, 1, 2021/08/06, 07:29:16.095, 3362169675650, vstest.console.dll, AssemblyResolver.AddSearchDirectories: Adding more searchDirectories C:\Program Files\dotnet\sdk\5.0.104\Extensions,C:\Program Files\dotnet\sdk\5.0.104
TpTrace Information: 0 : 3672, 1, 2021/08/06, 07:29:16.095, 3362169676051, vstest.console.dll, AssemblyResolver.AddSearchDirectories: Adding more searchDirectories C:\Program Files\dotnet\sdk\5.0.104\Extensions,C:\Program Files\dotnet\sdk\5.0.104
TpTrace Information: 0 : 3672, 1, 2021/08/06, 07:29:16.096, 3362169676488, vstest.console.dll, AssemblyResolver.AddSearchDirectories: Adding more searchDirectories C:\Program Files\dotnet\sdk\5.0.104\Extensions,C:\Program Files\dotnet\sdk\5.0.104
TpTrace Information: 0 : 3672, 1, 2021/08/06, 07:29:16.096, 3362169676851, vstest.console.dll, AssemblyResolver.AddSearchDirectories: Adding more searchDirectories C:\Program Files\dotnet\sdk\5.0.104\Extensions,C:\Program Files\dotnet\sdk\5.0.104
TpTrace Information: 0 : 3672, 1, 2021/08/06, 07:29:16.096, 3362169677204, vstest.console.dll, AssemblyResolver.AddSearchDirectories: Adding more searchDirectories C:\Program Files\dotnet\sdk\5.0.104\Extensions,C:\Program Files\dotnet\sdk\5.0.104
TpTrace Information: 0 : 3672, 1, 2021/08/06, 07:29:16.096, 3362169679021, vstest.console.dll, AssemblyResolver.OnResolve: Microsoft.Bcl.AsyncInterfaces: Resolving assembly.
TpTrace Information: 0 : 3672, 1, 2021/08/06, 07:29:16.096, 3362169679471, vstest.console.dll, AssemblyResolver.OnResolve: Microsoft.Bcl.AsyncInterfaces: Resolved from cache.
TpTrace Verbose: 0 : 3672, 1, 2021/08/06, 07:29:16.096, 3362169679847, vstest.console.dll, CurrentDomain_AssemblyResolve: Resolving assembly 'Microsoft.Bcl.AsyncInterfaces'.
TpTrace Information: 0 : 3672, 1, 2021/08/06, 07:29:16.096, 3362169680545, vstest.console.dll, AssemblyResolver.OnResolve: Microsoft.Bcl.AsyncInterfaces: Resolving assembly.
TpTrace Information: 0 : 3672, 1, 2021/08/06, 07:29:16.096, 3362169680915, vstest.console.dll, AssemblyResolver.OnResolve: Microsoft.Bcl.AsyncInterfaces: Resolved from cache.
TpTrace Verbose: 0 : 3672, 1, 2021/08/06, 07:29:16.096, 3362169681328, vstest.console.dll, CurrentDomain_AssemblyResolve: Resolving assembly 'Microsoft.Bcl.AsyncInterfaces'.
TpTrace Verbose: 0 : 3672, 1, 2021/08/06, 07:29:16.096, 3362169681661, vstest.console.dll, CurrentDomainAssemblyResolve: Failed to resolve assembly 'Microsoft.Bcl.AsyncInterfaces'.
TpTrace Verbose: 0 : 3672, 1, 2021/08/06, 07:29:16.096, 3362169683117, vstest.console.dll, CurrentDomainAssemblyResolve: Failed to resolve assembly 'Microsoft.Bcl.AsyncInterfaces'.
TpTrace Warning: 0 : 3672, 1, 2021/08/06, 07:29:16.096, 3362169685652, vstest.console.dll, TestPluginDiscoverer: Failed to get types from assembly 'Microsoft.Diagnostics.NETCore.Client, Version=0.2.2.41902, Culture=neutral, PublicKeyToken=31bf3856ad364e35'.  Skipping test extension scan for this assembly.  Error: System.Reflection.ReflectionTypeLoadException: Unable to load one or more of the requested types.
Could not load file or assembly 'Microsoft.Bcl.AsyncInterfaces, Version=1.0.0.0, Culture=neutral, PublicKeyToken=cc7b13ffcd2ddd51'. The system cannot find the file specified.
   at System.Reflection.RuntimeModule.GetTypes(RuntimeModule module)
   at System.Reflection.RuntimeModule.GetTypes()
   at System.Reflection.Assembly.GetTypes()
   at Microsoft.VisualStudio.TestPlatform.Common.ExtensionFramework.TestPluginDiscoverer.GetTestExtensionsFromAssembly[TPluginInfo,TExtension](Assembly assembly, Dictionary`2 pluginInfos)
System.IO.FileNotFoundException: Could not load file or assembly 'Microsoft.Bcl.AsyncInterfaces, Version=1.0.0.0, Culture=neutral, PublicKeyToken=cc7b13ffcd2ddd51'. The system cannot find the file specified.
File name: 'Microsoft.Bcl.AsyncInterfaces, Version=1.0.0.0, Culture=neutral, PublicKeyToken=cc7b13ffcd2ddd51'
TpTrace Warning: 0 : 3672, 1, 2021/08/06, 07:29:16.097, 3362169686279, vstest.console.dll, LoaderExceptions: System.IO.FileNotFoundException: Could not load file or assembly 'Microsoft.Bcl.AsyncInterfaces, Version=1.0.0.0, Culture=neutral, PublicKeyToken=cc7b13ffcd2ddd51'. The system cannot find the file specified.
File name: 'Microsoft.Bcl.AsyncInterfaces, Version=1.0.0.0, Culture=neutral, PublicKeyToken=cc7b13ffcd2ddd51'
TpTrace Verbose: 0 : 3672, 1, 2021/08/06, 07:29:16.097, 3362169689085, vstest.console.dll, TestPluginCache: Discovered the extensions using extension path ''.
TpTrace Verbose: 0 : 3672, 1, 2021/08/06, 07:29:16.097, 3362169689575, vstest.console.dll, TestPluginCache: Discoverers are ''.
TpTrace Verbose: 0 : 3672, 1, 2021/08/06, 07:29:16.097, 3362169689908, vstest.console.dll, TestPluginCache: Executors are ''.
TpTrace Verbose: 0 : 3672, 1, 2021/08/06, 07:29:16.097, 3362169690336, vstest.console.dll, TestPluginCache: Executors2 are ''.
TpTrace Verbose: 0 : 3672, 1, 2021/08/06, 07:29:16.097, 3362169690649, vstest.console.dll, TestPluginCache: Setting providers are ''.
TpTrace Verbose: 0 : 3672, 1, 2021/08/06, 07:29:16.097, 3362169691428, vstest.console.dll, TestPluginCache: Loggers are 'logger://Microsoft/TestPlatform/Extensions/Blame/v1,logger://Microsoft/TestPlatform/HtmlLogger/v1,logger://Microsoft/TestPlatform/TrxLogger/v1'.
TpTrace Information: 0 : 3672, 1, 2021/08/06, 07:29:16.098, 3362169697135, vstest.console.dll, TestPluginManager.CreateTestExtension: Attempting to load test extension: Microsoft.TestPlatform.Extensions.BlameDataCollector.BlameLogger
TpTrace Information: 0 : 3672, 1, 2021/08/06, 07:29:16.107, 3362169795822, vstest.console.dll, TestPluginManager.CreateTestExtension: Attempting to load test extension: Microsoft.VisualStudio.TestPlatform.CrossPlatEngine.Hosting.DefaultTestHostManager
TpTrace Information: 0 : 3672, 1, 2021/08/06, 07:29:16.108, 3362169799095, vstest.console.dll, TestPluginManager.CreateTestExtension: Attempting to load test extension: Microsoft.VisualStudio.TestPlatform.CrossPlatEngine.Hosting.DotnetTestHostManager
TpTrace Verbose: 0 : 3672, 1, 2021/08/06, 07:29:16.108, 3362169804186, vstest.console.dll, TestEngine: Initializing Parallel Execution as MaxCpuCount is set to: 1
TpTrace Information: 0 : 3672, 1, 2021/08/06, 07:29:16.109, 3362169808580, vstest.console.dll, InferRunSettingsHelper.IsTestSettingsEnabled: Unable to navigate to RunSettings/MSTest. Current node: RunSettings
TpTrace Verbose: 0 : 3672, 1, 2021/08/06, 07:29:16.133, 3362170052829, vstest.console.dll, TestRequestSender is acting as server
TpTrace Verbose: 0 : 3672, 4, 2021/08/06, 07:29:16.138, 3362170105184, vstest.console.dll, DataCollectionRequestSender.InitializeCommunication : Initialize communication. 
TpTrace Information: 0 : 3672, 4, 2021/08/06, 07:29:16.155, 3362170268040, vstest.console.dll, Listening on Endpoint : 127.0.0.1:17334
TpTrace Verbose: 0 : 3672, 4, 2021/08/06, 07:29:16.169, 3362170407740, vstest.console.dll, DotnetDataCollectionLauncher: Full path of dotnet.exe is C:\Program Files\dotnet\dotnet.exe
TpTrace Verbose: 0 : 3672, 4, 2021/08/06, 07:29:16.169, 3362170414086, vstest.console.dll, DotnetDataCollectionLauncher: Adding  --runtimeconfig "C:\Program Files\dotnet\sdk\5.0.104\datacollector.runtimeconfig.json" in args
TpTrace Verbose: 0 : 3672, 4, 2021/08/06, 07:29:16.170, 3362170418643, vstest.console.dll, DotnetDataCollectionLauncher: Adding  --depsfile "C:\Program Files\dotnet\sdk\5.0.104\datacollector.deps.json" in args
TpTrace Information: 0 : 3672, 4, 2021/08/06, 07:29:16.193, 3362170647803, vstest.console.dll, ProxyDataCollectionManager.Initialize: Launched datacollector processId: 11088 port: 17334
TpTrace Information: 0 : 3672, 4, 2021/08/06, 07:29:16.193, 3362170650226, vstest.console.dll, ProxyDataCollectionManager.Initialize: waiting for connection with timeout: 90 seconds
TpTrace Verbose: 0 : 3672, 4, 2021/08/06, 07:29:16.193, 3362170651195, vstest.console.dll, DataCollectionRequestSender.WaitForRequestHandlerConnection : Waiting for connection with timeout: 90000
TpTrace Information: 0 : 3672, 7, 2021/08/06, 07:29:16.473, 3362173456082, vstest.console.dll, Using the buffer size of 16384 bytes
TpTrace Verbose: 0 : 3672, 4, 2021/08/06, 07:29:16.474, 3362173456701, vstest.console.dll, ProxyDataCollectionManager.InvokeDataCollectionServiceAction: Starting.
TpTrace Information: 0 : 3672, 7, 2021/08/06, 07:29:16.474, 3362173457694, vstest.console.dll, Accepted Client request and set the flag
TpTrace Information: 0 : 3672, 4, 2021/08/06, 07:29:16.474, 3362173459313, vstest.console.dll, ProxyDataCollectionManager.BeforeTestRunStart: Get environment variable and port for datacollector processId: 11088 port: 17334
TpTrace Verbose: 0 : 3672, 4, 2021/08/06, 07:29:16.474, 3362173461493, vstest.console.dll, DataCollectionRequestSender.SendBeforeTestRunStartAndGetResult : Send BeforeTestRunStart message with settingsXml <RunSettings><RunConfiguration><ResultsDirectory>D:\GetHub\homeCareService\HomeCarService.BackEnd\Test\XUnitTest.Base\bin\Debug\netcoreapp3.1\fine-code-coverage\coverage-tool-output</ResultsDirectory><TargetPlatform>X64</TargetPlatform><TargetFrameworkVersion>.NETCoreApp,Version=v3.1</TargetFrameworkVersion><DesignMode>False</DesignMode><CollectSourceInformation>False</CollectSourceInformation><TestAdaptersPaths>C:\Program Files\dotnet\sdk\5.0.104\Extensions</TestAdaptersPaths></RunConfiguration><LoggerRunSettings><Loggers><Logger friendlyName="blame" enabled="True" /><Logger friendlyName="Console" uri="logger://microsoft/TestPlatform/ConsoleLogger/v1" assemblyQualifiedName="Microsoft.VisualStudio.TestPlatform.CommandLine.Internal.ConsoleLogger, vstest.console, Version=15.0.0.0, Culture=neutral, PublicKeyToken=b03f5f7f11d50a3a" codeBase="C:\Program Files\dotnet\sdk\5.0.104\vstest.console.dll" enabled="True" /></Loggers></LoggerRunSettings><DataCollectionRunSettings><DataCollectors><DataCollector friendlyName="blame" enabled="True"><Configuration><ResultsDirectory>D:\GetHub\homeCareService\HomeCarService.BackEnd\Test\XUnitTest.Base\bin\Debug\netcoreapp3.1\fine-code-coverage\coverage-tool-output</ResultsDirectory></Configuration></DataCollector></DataCollectors></DataCollectionRunSettings></RunSettings> and sources System.Linq.Enumerable+Concat2Iterator`1[System.String]: 
TpTrace Verbose: 0 : 3672, 4, 2021/08/06, 07:29:16.589, 3362174615211, vstest.console.dll, DataCollectionRequestSender.SendBeforeTestRunStartAndGetResult : Received message: (DataCollection.SendMessage) -> {
  "FriendlyName": null,
  "Uri": null,
  "TestCaseId": "00000000-0000-0000-0000-000000000000",
  "Message": "Logging DataCollector Diagnostics in file: D:\\GetHub\\homeCareService\\HomeCarService.BackEnd\\Test\\XUnitTest.Base\\bin\\Debug\\netcoreapp3.1\\fine-code-coverage\\coverage-tool-output\\diagnostics.datacollector.21-08-06_07-29-16_16157_4.log",
  "Level": 0
}
TpTrace Verbose: 0 : 3672, 4, 2021/08/06, 07:29:16.697, 3362175691725, vstest.console.dll, DataCollectionRequestSender.SendBeforeTestRunStartAndGetResult : Received message: (DataCollection.BeforeTestRunStartResult) -> {
  "EnvironmentVariables": {},
  "DataCollectionEventsPort": 17339
}
TpTrace Information: 0 : 3672, 4, 2021/08/06, 07:29:16.702, 3362175738853, vstest.console.dll, ProxyDataCollectionManager.BeforeTestRunStart: SendBeforeTestRunStartAndGetResult successful, env variable from datacollector:   and testhost port: 17339
TpTrace Information: 0 : 3672, 4, 2021/08/06, 07:29:16.702, 3362175740470, vstest.console.dll, ProxyDataCollectionManager.InvokeDataCollectionServiceAction: Completed.
TpTrace Verbose: 0 : 3672, 1, 2021/08/06, 07:29:16.702, 3362175742256, vstest.console.dll, TestRunRequest.ExecuteAsync: Creating test run request.
TpTrace Verbose: 0 : 3672, 1, 2021/08/06, 07:29:16.702, 3362175745525, vstest.console.dll, TestRunRequest.ExecuteAsync: Starting.
TpTrace Information: 0 : 3672, 1, 2021/08/06, 07:29:16.703, 3362175748453, vstest.console.dll, TestRunRequest.ExecuteAsync: Starting run with settings:TestRunCriteria:
   KeepAlive=False,FrequencyOfRunStatsChangeEvent=10,RunStatsChangeEventTimeout=00:00:01.5000000,TestCaseFilter=,TestExecutorLauncher=
   Settingsxml=<RunSettings>
  <RunConfiguration>
    <ResultsDirectory>D:\GetHub\homeCareService\HomeCarService.BackEnd\Test\XUnitTest.Base\bin\Debug\netcoreapp3.1\fine-code-coverage\coverage-tool-output</ResultsDirectory>
    <TargetPlatform>X64</TargetPlatform>
    <TargetFrameworkVersion>.NETCoreApp,Version=v3.1</TargetFrameworkVersion>
    <DesignMode>False</DesignMode>
    <CollectSourceInformation>False</CollectSourceInformation>
  </RunConfiguration>
  <LoggerRunSettings>
    <Loggers>
      <Logger friendlyName="blame" enabled="True" />
      <Logger friendlyName="Console" uri="logger://microsoft/TestPlatform/ConsoleLogger/v1" assemblyQualifiedName="Microsoft.VisualStudio.TestPlatform.CommandLine.Internal.ConsoleLogger, vstest.console, Version=15.0.0.0, Culture=neutral, PublicKeyToken=b03f5f7f11d50a3a" codeBase="C:\Program Files\dotnet\sdk\5.0.104\vstest.console.dll" enabled="True" />
    </Loggers>
  </LoggerRunSettings>
  <DataCollectionRunSettings>
    <DataCollectors>
      <DataCollector friendlyName="blame" enabled="True">
        <Configuration>
          <ResultsDirectory>D:\GetHub\homeCareService\HomeCarService.BackEnd\Test\XUnitTest.Base\bin\Debug\netcoreapp3.1\fine-code-coverage\coverage-tool-output</ResultsDirectory>
        </Configuration>
      </DataCollector>
    </DataCollectors>
  </DataCollectionRunSettings>
</RunSettings>

TpTrace Verbose: 0 : 3672, 1, 2021/08/06, 07:29:16.703, 3362175749759, vstest.console.dll, TestRunRequest.ExecuteAsync: Wait for the first run request is over.
TpTrace Verbose: 0 : 3672, 1, 2021/08/06, 07:29:16.703, 3362175755082, vstest.console.dll, ParallelProxyExecutionManager: Start execution. Total sources: 1
TpTrace Information: 0 : 3672, 1, 2021/08/06, 07:29:16.705, 3362175771065, vstest.console.dll, ProxyParallelExecutionManager: Triggering test run for next source: D:\GetHub\homeCareService\HomeCarService.BackEnd\Test\XUnitTest.Base\bin\Debug\netcoreapp3.1\fine-code-coverage\build-output\XUnitTest.Base.dll
TpTrace Verbose: 0 : 3672, 4, 2021/08/06, 07:29:16.705, 3362175774068, vstest.console.dll, ParallelProxyExecutionManager: Execution started. Started clients: 1
TpTrace Verbose: 0 : 3672, 1, 2021/08/06, 07:29:16.705, 3362175774674, vstest.console.dll, ProxyParallelExecutionManager: No sources available for execution.
TpTrace Information: 0 : 3672, 1, 2021/08/06, 07:29:16.705, 3362175775873, vstest.console.dll, TestRunRequest.ExecuteAsync: Started.
TpTrace Verbose: 0 : 3672, 1, 2021/08/06, 07:29:16.706, 3362175776698, vstest.console.dll, TestRunRequest.WaitForCompletion: Waiting with timeout -1.
TpTrace Verbose: 0 : 3672, 4, 2021/08/06, 07:29:16.706, 3362175779595, vstest.console.dll, TestRunRequest:SendTestRunMessage: Starting.
TpTrace Information: 0 : 3672, 4, 2021/08/06, 07:29:16.706, 3362175781461, vstest.console.dll, TestRunRequest:SendTestRunMessage: Completed.
TpTrace Verbose: 0 : 3672, 4, 2021/08/06, 07:29:16.706, 3362175784416, vstest.console.dll, ProxyExecutionManager: Test host is always Lazy initialize.
TpTrace Verbose: 0 : 3672, 4, 2021/08/06, 07:29:16.707, 3362175787820, vstest.console.dll, TestRequestSender.InitializeCommunication: initialize communication. 
TpTrace Information: 0 : 3672, 4, 2021/08/06, 07:29:16.707, 3362175794911, vstest.console.dll, SocketServer.Start: Listening on endpoint : 127.0.0.1:17340
TpTrace Verbose: 0 : 3672, 4, 2021/08/06, 07:29:16.708, 3362175804761, vstest.console.dll, DotnetTestHostmanager: Adding  --runtimeconfig "D:\GetHub\homeCareService\HomeCarService.BackEnd\Test\XUnitTest.Base\bin\Debug\netcoreapp3.1\fine-code-coverage\build-output\XUnitTest.Base.runtimeconfig.json" in args
TpTrace Verbose: 0 : 3672, 4, 2021/08/06, 07:29:16.708, 3362175806090, vstest.console.dll, DotnetTestHostmanager: Adding  --depsfile "D:\GetHub\homeCareService\HomeCarService.BackEnd\Test\XUnitTest.Base\bin\Debug\netcoreapp3.1\fine-code-coverage\build-output\XUnitTest.Base.deps.json" in args
TpTrace Information: 0 : 3672, 4, 2021/08/06, 07:29:16.709, 3362175809481, vstest.console.dll, AssemblyResolver.OnResolve: Microsoft.Extensions.DependencyModel: Resolving assembly.
TpTrace Information: 0 : 3672, 4, 2021/08/06, 07:29:16.717, 3362175890960, vstest.console.dll, AssemblyResolver.OnResolve: Resolved assembly: Microsoft.Extensions.DependencyModel, from path: C:\Program Files\dotnet\sdk\5.0.104\Microsoft.Extensions.DependencyModel.dll
TpTrace Verbose: 0 : 3672, 4, 2021/08/06, 07:29:16.717, 3362175895952, vstest.console.dll, DotnetTestHostmanager: Reading file D:\GetHub\homeCareService\HomeCarService.BackEnd\Test\XUnitTest.Base\bin\Debug\netcoreapp3.1\fine-code-coverage\build-output\XUnitTest.Base.deps.json to get path of testhost.dll
TpTrace Verbose: 0 : 3672, 4, 2021/08/06, 07:29:16.752, 3362176239744, vstest.console.dll, DotnetTestHostmanager: Relative path of testhost.dll with respect to package folder is microsoft.testplatform.testhost/16.5.0\lib/netcoreapp2.1/testhost.dll
TpTrace Verbose: 0 : 3672, 4, 2021/08/06, 07:29:16.753, 3362176253310, vstest.console.dll, DotnetTestHostmanager: Looking for path microsoft.testplatform.testhost/16.5.0\lib/netcoreapp2.1/testhost.dll in folder C:\Users\lenov0\.dotnet\store\|arch|\|tfm|
TpTrace Verbose: 0 : 3672, 4, 2021/08/06, 07:29:16.753, 3362176255803, vstest.console.dll, DotnetTestHostmanager: Looking for path microsoft.testplatform.testhost/16.5.0\lib/netcoreapp2.1/testhost.dll in folder C:\Users\lenov0\.nuget\packages
TpTrace Verbose: 0 : 3672, 4, 2021/08/06, 07:29:16.754, 3362176259486, vstest.console.dll, DotnetTestHostManager: Testhost.exe/testhost.x86.exe found at path: C:\Users\lenov0\.nuget\packages\microsoft.testplatform.testhost\16.5.0\build\netcoreapp2.1\x64\testhost.exe
TpTrace Verbose: 0 : 3672, 4, 2021/08/06, 07:29:16.754, 3362176260396, vstest.console.dll, DotnetTestHostmanager: Full path of host exe is C:\Users\lenov0\.nuget\packages\microsoft.testplatform.testhost\16.5.0\build\netcoreapp2.1\x64\testhost.exe
TpTrace Verbose: 0 : 3672, 10, 2021/08/06, 07:29:16.755, 3362176272953, vstest.console.dll, DotnetTestHostManager: Starting process 'C:\Users\lenov0\.nuget\packages\microsoft.testplatform.testhost\16.5.0\build\netcoreapp2.1\x64\testhost.exe' with command line ' --runtimeconfig "D:\GetHub\homeCareService\HomeCarService.BackEnd\Test\XUnitTest.Base\bin\Debug\netcoreapp3.1\fine-code-coverage\build-output\XUnitTest.Base.runtimeconfig.json" --depsfile "D:\GetHub\homeCareService\HomeCarService.BackEnd\Test\XUnitTest.Base\bin\Debug\netcoreapp3.1\fine-code-coverage\build-output\XUnitTest.Base.deps.json" --port 17340 --endpoint 127.0.0.1:017340 --role client --parentprocessid 3672 --diag "D:\GetHub\homeCareService\HomeCarService.BackEnd\Test\XUnitTest.Base\bin\Debug\netcoreapp3.1\fine-code-coverage\coverage-tool-output\diagnostics.host.21-08-06_07-29-16_70835_4.log" --tracelevel 4 --datacollectionport 17339 --telemetryoptedin false'
TpTrace Verbose: 0 : 3672, 10, 2021/08/06, 07:29:16.772, 3362176438006, vstest.console.dll, Test Runtime launched
TpTrace Verbose: 0 : 3672, 4, 2021/08/06, 07:29:16.773, 3362176449336, vstest.console.dll, TestRequestSender.WaitForRequestHandlerConnection: waiting for connection with timeout: 90000
TpTrace Verbose: 0 : 3672, 9, 2021/08/06, 07:29:17.037, 3362179087472, vstest.console.dll, SocketServer.OnClientConnected: Client connected for endPoint: 127.0.0.1:17340, starting MessageLoopAsync:
TpTrace Verbose: 0 : 3672, 9, 2021/08/06, 07:29:17.037, 3362179092402, vstest.console.dll, TcpClientExtensions.MessageLoopAsync: Polling on remoteEndPoint: 127.0.0.1:17341 localEndPoint: 127.0.0.1:17340
TpTrace Verbose: 0 : 3672, 9, 2021/08/06, 07:29:17.209, 3362180807128, vstest.console.dll, TcpClientExtensions.MessageLoopAsync: NotifyDataAvailable remoteEndPoint: 127.0.0.1:17341 localEndPoint: 127.0.0.1:17340
TpTrace Verbose: 0 : 3672, 9, 2021/08/06, 07:29:17.209, 3362180810043, vstest.console.dll, TestRequestSender.CheckVersionWithTestHost: onMessageReceived received message: (ProtocolVersion) -> 2
TpTrace Verbose: 0 : 3672, 9, 2021/08/06, 07:29:17.210, 3362180817053, vstest.console.dll, TcpClientExtensions.MessageLoopAsync: Polling on remoteEndPoint: 127.0.0.1:17341 localEndPoint: 127.0.0.1:17340
TpTrace Verbose: 0 : 3672, 4, 2021/08/06, 07:29:17.210, 3362180818367, vstest.console.dll, TestPluginCache.GetExtensionPaths: Filtered extension paths: 
TpTrace Verbose: 0 : 3672, 4, 2021/08/06, 07:29:17.210, 3362180819203, vstest.console.dll, TestPluginCache.GetExtensionPaths: Added default extension paths: C:\Program Files\dotnet\sdk\5.0.104\Extensions\Microsoft.Diagnostics.NETCore.Client.dll
C:\Program Files\dotnet\sdk\5.0.104\Extensions\Microsoft.TestPlatform.Extensions.BlameDataCollector.dll
C:\Program Files\dotnet\sdk\5.0.104\Extensions\Microsoft.TestPlatform.Extensions.EventLogCollector.dll
C:\Program Files\dotnet\sdk\5.0.104\Extensions\Microsoft.TestPlatform.TestHostRuntimeProvider.dll
C:\Program Files\dotnet\sdk\5.0.104\Extensions\Microsoft.VisualStudio.TestPlatform.Extensions.Html.TestLogger.dll
C:\Program Files\dotnet\sdk\5.0.104\Extensions\Microsoft.VisualStudio.TestPlatform.Extensions.Trx.TestLogger.dll
TpTrace Verbose: 0 : 3672, 4, 2021/08/06, 07:29:17.210, 3362180819888, vstest.console.dll, TestPluginCache.GetExtensionPaths: Added unfilterableExtensionPaths: 
TpTrace Verbose: 0 : 3672, 4, 2021/08/06, 07:29:17.214, 3362180862062, vstest.console.dll, TestRequestSender.InitializeExecution: Sending initializing execution with message: {"Version":2,"MessageType":"TestExecution.Initialize","Payload":["D:\\GetHub\\homeCareService\\HomeCarService.BackEnd\\Test\\XUnitTest.Base\\bin\\Debug\\netcoreapp3.1\\fine-code-coverage\\build-output\\xunit.runner.visualstudio.dotnetcore.testadapter.dll"]}
TpTrace Verbose: 0 : 3672, 4, 2021/08/06, 07:29:17.224, 3362180962302, vstest.console.dll, TestRequestSender.StartTestRun: Sending test run with message: {"Version":2,"MessageType":"TestExecution.StartWithSources","Payload":{"AdapterSourceMap":{"_none_":["D:\\GetHub\\homeCareService\\HomeCarService.BackEnd\\Test\\XUnitTest.Base\\bin\\Debug\\netcoreapp3.1\\fine-code-coverage\\build-output\\XUnitTest.Base.dll"]},"RunSettings":"<RunSettings>\r\n  <RunConfiguration>\r\n    <ResultsDirectory>D:\\GetHub\\homeCareService\\HomeCarService.BackEnd\\Test\\XUnitTest.Base\\bin\\Debug\\netcoreapp3.1\\fine-code-coverage\\coverage-tool-output</ResultsDirectory>\r\n    <TargetPlatform>X64</TargetPlatform>\r\n    <TargetFrameworkVersion>.NETCoreApp,Version=v3.1</TargetFrameworkVersion>\r\n    <DesignMode>False</DesignMode>\r\n    <CollectSourceInformation>False</CollectSourceInformation>\r\n  </RunConfiguration>\r\n  <LoggerRunSettings>\r\n    <Loggers>\r\n      <Logger friendlyName=\"blame\" enabled=\"True\" />\r\n      <Logger friendlyName=\"Console\" uri=\"logger://microsoft/TestPlatform/ConsoleLogger/v1\" assemblyQualifiedName=\"Microsoft.VisualStudio.TestPlatform.CommandLine.Internal.ConsoleLogger, vstest.console, Version=15.0.0.0, Culture=neutral, PublicKeyToken=b03f5f7f11d50a3a\" codeBase=\"C:\\Program Files\\dotnet\\sdk\\5.0.104\\vstest.console.dll\" enabled=\"True\" />\r\n    </Loggers>\r\n  </LoggerRunSettings>\r\n  <DataCollectionRunSettings>\r\n    <DataCollectors>\r\n      <DataCollector friendlyName=\"blame\" enabled=\"True\">\r\n        <Configuration>\r\n          <ResultsDirectory>D:\\GetHub\\homeCareService\\HomeCarService.BackEnd\\Test\\XUnitTest.Base\\bin\\Debug\\netcoreapp3.1\\fine-code-coverage\\coverage-tool-output</ResultsDirectory>\r\n        </Configuration>\r\n      </DataCollector>\r\n    </DataCollectors>\r\n  </DataCollectionRunSettings>\r\n</RunSettings>","TestExecutionContext":{"FrequencyOfRunStatsChangeEvent":10,"RunStatsChangeEventTimeout":"00:00:01.5000000","InIsolation":false,"KeepAlive":false,"AreTestCaseLevelEventsRequired":false,"IsDebug":false,"TestCaseFilter":null,"FilterOptions":null},"Package":null}}
TpTrace Verbose: 0 : 3672, 9, 2021/08/06, 07:29:17.226, 3362180981666, vstest.console.dll, TcpClientExtensions.MessageLoopAsync: NotifyDataAvailable remoteEndPoint: 127.0.0.1:17341 localEndPoint: 127.0.0.1:17340
TpTrace Verbose: 0 : 3672, 9, 2021/08/06, 07:29:17.226, 3362180983965, vstest.console.dll, TestRequestSender.OnExecutionMessageReceived: Received message: {"Version":2,"MessageType":"TestSession.Message","Payload":{"MessageLevel":0,"Message":"Logging TestHost Diagnostics in file: D:\\GetHub\\homeCareService\\HomeCarService.BackEnd\\Test\\XUnitTest.Base\\bin\\Debug\\netcoreapp3.1\\fine-code-coverage\\coverage-tool-output\\diagnostics.host.21-08-06_07-29-16_70835_4.log"}}
TpTrace Verbose: 0 : 3672, 9, 2021/08/06, 07:29:17.229, 3362181006210, vstest.console.dll, TestRunRequest:SendTestRunMessage: Starting.
TpTrace Information: 0 : 3672, 9, 2021/08/06, 07:29:17.229, 3362181007900, vstest.console.dll, TestRunRequest:SendTestRunMessage: Completed.
TpTrace Verbose: 0 : 3672, 9, 2021/08/06, 07:29:17.229, 3362181008695, vstest.console.dll, TcpClientExtensions.MessageLoopAsync: Polling on remoteEndPoint: 127.0.0.1:17341 localEndPoint: 127.0.0.1:17340
TpTrace Verbose: 0 : 3672, 9, 2021/08/06, 07:29:17.409, 3362182815145, vstest.console.dll, TcpClientExtensions.MessageLoopAsync: NotifyDataAvailable remoteEndPoint: 127.0.0.1:17341 localEndPoint: 127.0.0.1:17340
TpTrace Verbose: 0 : 3672, 9, 2021/08/06, 07:29:17.410, 3362182816697, vstest.console.dll, TestRequestSender.OnExecutionMessageReceived: Received message: {"Version":2,"MessageType":"TestSession.Message","Payload":{"MessageLevel":0,"Message":"[xUnit.net 00:00:00.00] xUnit.net VSTest Adapter v2.4.0 (64-bit .NET Core 3.1.13)"}}
TpTrace Verbose: 0 : 3672, 9, 2021/08/06, 07:29:17.410, 3362182819009, vstest.console.dll, TestRunRequest:SendTestRunMessage: Starting.
TpTrace Information: 0 : 3672, 9, 2021/08/06, 07:29:17.410, 3362182819812, vstest.console.dll, TestRunRequest:SendTestRunMessage: Completed.
TpTrace Verbose: 0 : 3672, 9, 2021/08/06, 07:29:17.410, 3362182820443, vstest.console.dll, TcpClientExtensions.MessageLoopAsync: Polling on remoteEndPoint: 127.0.0.1:17341 localEndPoint: 127.0.0.1:17340
TpTrace Verbose: 0 : 3672, 9, 2021/08/06, 07:29:18.309, 3362191809420, vstest.console.dll, TcpClientExtensions.MessageLoopAsync: NotifyDataAvailable remoteEndPoint: 127.0.0.1:17341 localEndPoint: 127.0.0.1:17340
TpTrace Verbose: 0 : 3672, 9, 2021/08/06, 07:29:18.309, 3362191811118, vstest.console.dll, TestRequestSender.OnExecutionMessageReceived: Received message: {"Version":2,"MessageType":"TestSession.Message","Payload":{"MessageLevel":0,"Message":"[xUnit.net 00:00:00.90]   Discovering: XUnitTest.Base"}}
TpTrace Verbose: 0 : 3672, 9, 2021/08/06, 07:29:18.309, 3362191814114, vstest.console.dll, TestRunRequest:SendTestRunMessage: Starting.
TpTrace Information: 0 : 3672, 9, 2021/08/06, 07:29:18.309, 3362191815154, vstest.console.dll, TestRunRequest:SendTestRunMessage: Completed.
TpTrace Verbose: 0 : 3672, 9, 2021/08/06, 07:29:18.309, 3362191815826, vstest.console.dll, TcpClientExtensions.MessageLoopAsync: Polling on remoteEndPoint: 127.0.0.1:17341 localEndPoint: 127.0.0.1:17340
TpTrace Verbose: 0 : 3672, 9, 2021/08/06, 07:29:18.378, 3362192496692, vstest.console.dll, TcpClientExtensions.MessageLoopAsync: NotifyDataAvailable remoteEndPoint: 127.0.0.1:17341 localEndPoint: 127.0.0.1:17340
TpTrace Verbose: 0 : 3672, 9, 2021/08/06, 07:29:18.378, 3362192498257, vstest.console.dll, TestRequestSender.OnExecutionMessageReceived: Received message: {"Version":2,"MessageType":"TestSession.Message","Payload":{"MessageLevel":0,"Message":"[xUnit.net 00:00:00.97]   Discovered:  XUnitTest.Base"}}
TpTrace Verbose: 0 : 3672, 9, 2021/08/06, 07:29:18.378, 3362192500313, vstest.console.dll, TestRunRequest:SendTestRunMessage: Starting.
TpTrace Information: 0 : 3672, 9, 2021/08/06, 07:29:18.378, 3362192501396, vstest.console.dll, TestRunRequest:SendTestRunMessage: Completed.
TpTrace Verbose: 0 : 3672, 9, 2021/08/06, 07:29:18.378, 3362192501946, vstest.console.dll, TcpClientExtensions.MessageLoopAsync: Polling on remoteEndPoint: 127.0.0.1:17341 localEndPoint: 127.0.0.1:17340
TpTrace Verbose: 0 : 3672, 9, 2021/08/06, 07:29:18.382, 3362192544760, vstest.console.dll, TcpClientExtensions.MessageLoopAsync: NotifyDataAvailable remoteEndPoint: 127.0.0.1:17341 localEndPoint: 127.0.0.1:17340
TpTrace Verbose: 0 : 3672, 9, 2021/08/06, 07:29:18.382, 3362192546040, vstest.console.dll, TestRequestSender.OnExecutionMessageReceived: Received message: {"Version":2,"MessageType":"TestSession.Message","Payload":{"MessageLevel":0,"Message":"[xUnit.net 00:00:00.97]   Starting:    XUnitTest.Base"}}
TpTrace Verbose: 0 : 3672, 9, 2021/08/06, 07:29:18.383, 3362192547805, vstest.console.dll, TestRunRequest:SendTestRunMessage: Starting.
TpTrace Information: 0 : 3672, 9, 2021/08/06, 07:29:18.383, 3362192548629, vstest.console.dll, TestRunRequest:SendTestRunMessage: Completed.
TpTrace Verbose: 0 : 3672, 9, 2021/08/06, 07:29:18.383, 3362192549322, vstest.console.dll, TcpClientExtensions.MessageLoopAsync: Polling on remoteEndPoint: 127.0.0.1:17341 localEndPoint: 127.0.0.1:17340
TpTrace Verbose: 0 : 3672, 9, 2021/08/06, 07:29:18.555, 3362194270366, vstest.console.dll, TcpClientExtensions.MessageLoopAsync: NotifyDataAvailable remoteEndPoint: 127.0.0.1:17341 localEndPoint: 127.0.0.1:17340
TpTrace Verbose: 0 : 3672, 9, 2021/08/06, 07:29:18.555, 3362194274228, vstest.console.dll, TestRequestSender.OnExecutionMessageReceived: Received message: {"Version":2,"MessageType":"TestExecution.StatsChange","Payload":{"NewTestResults":[{"TestCase":{"Id":"7d63be85-41eb-5ff5-c270-84701453a7c4","FullyQualifiedName":"XUnitTest.Base.Messages.SystemMessagesTest.YourMessageAr_With_FeedBack_Return_String","DisplayName":"XUnitTest.Base.Messages.SystemMessagesTest.YourMessageAr_With_FeedBack_Return_String","ExecutorUri":"executor://xunit/VsTestRunner2/netcoreapp","Source":"D:\\GetHub\\homeCareService\\HomeCarService.BackEnd\\Test\\XUnitTest.Base\\bin\\Debug\\netcoreapp3.1\\fine-code-coverage\\build-output\\XUnitTest.Base.dll","CodeFilePath":null,"LineNumber":0,"Properties":[]},"Attachments":[],"Outcome":1,"ErrorMessage":null,"ErrorStackTrace":null,"DisplayName":"XUnitTest.Base.Messages.SystemMessagesTest.YourMessageAr_With_FeedBack_Return_String","Messages":[],"ComputerName":"DESKTOP-7BTCSUK","Duration":"00:00:00.0088695","StartTime":"2021-08-06T14:29:18.4923388+00:00","EndTime":"2021-08-06T14:29:18.4923996+00:00","Properties":[]},{"TestCase":{"Id":"3fc2c8ab-c2d9-8a49-7c50-8293053a731c","FullyQualifiedName":"XUnitTest.Base.Helper.JsonHelperTest.Serialize_With_Object_Return_JsonString","DisplayName":"XUnitTest.Base.Helper.JsonHelperTest.Serialize_With_Object_Return_JsonString","ExecutorUri":"executor://xunit/VsTestRunner2/netcoreapp","Source":"D:\\GetHub\\homeCareService\\HomeCarService.BackEnd\\Test\\XUnitTest.Base\\bin\\Debug\\netcoreapp3.1\\fine-code-coverage\\build-output\\XUnitTest.Base.dll","CodeFilePath":null,"LineNumber":0,"Properties":[]},"Attachments":[],"Outcome":1,"ErrorMessage":null,"ErrorStackTrace":null,"DisplayName":"XUnitTest.Base.Helper.JsonHelperTest.Serialize_With_Object_Return_JsonString","Messages":[],"ComputerName":"DESKTOP-7BTCSUK","Duration":"00:00:00.0145371","StartTime":"2021-08-06T14:29:18.5141081+00:00","EndTime":"2021-08-06T14:29:18.5141103+00:00","Properties":[]},{"TestCase":{"Id":"5ffeeaca-5770-d28b-2edd-66dc44f5dcff","FullyQualifiedName":"XUnitTest.Base.Helper.JsonHelperTest.Deserialize_With_Json_Return_Object","DisplayName":"XUnitTest.Base.Helper.JsonHelperTest.Deserialize_With_Json_Return_Object","ExecutorUri":"executor://xunit/VsTestRunner2/netcoreapp","Source":"D:\\GetHub\\homeCareService\\HomeCarService.BackEnd\\Test\\XUnitTest.Base\\bin\\Debug\\netcoreapp3.1\\fine-code-coverage\\build-output\\XUnitTest.Base.dll","CodeFilePath":null,"LineNumber":0,"Properties":[]},"Attachments":[],"Outcome":1,"ErrorMessage":null,"ErrorStackTrace":null,"DisplayName":"XUnitTest.Base.Helper.JsonHelperTest.Deserialize_With_Json_Return_Object","Messages":[],"ComputerName":"DESKTOP-7BTCSUK","Duration":"00:00:00.0038333","StartTime":"2021-08-06T14:29:18.5158642+00:00","EndTime":"2021-08-06T14:29:18.515866+00:00","Properties":[]},{"TestCase":{"Id":"b69c74a1-2365-07b4-0ca4-b46fbee433cf","FullyQualifiedName":"XUnitTest.Base.Messages.SystemMessagesTest.YourMessage_With_FeedBack_Return_String","DisplayName":"XUnitTest.Base.Messages.SystemMessagesTest.YourMessage_With_FeedBack_Return_String","ExecutorUri":"executor://xunit/VsTestRunner2/netcoreapp","Source":"D:\\GetHub\\homeCareService\\HomeCarService.BackEnd\\Test\\XUnitTest.Base\\bin\\Debug\\netcoreapp3.1\\fine-code-coverage\\build-output\\XUnitTest.Base.dll","CodeFilePath":null,"LineNumber":0,"Properties":[]},"Attachments":[],"Outcome":1,"ErrorMessage":null,"ErrorStackTrace":null,"DisplayName":"XUnitTest.Base.Messages.SystemMessagesTest.YourMessage_With_FeedBack_Return_String","Messages":[],"ComputerName":"DESKTOP-7BTCSUK","Duration":"00:00:00.0051829","StartTime":"2021-08-06T14:29:18.5168315+00:00","EndTime":"2021-08-06T14:29:18.5168324+00:00","Properties":[]},{"TestCase":{"Id":"e508c83a-3523-a930-b853-bd8d09107354","FullyQualifiedName":"XUnitTest.Base.Dictionarys.RolesDictionaryTest.GetRoles_Return_List","DisplayName":"XUnitTest.Base.Dictionarys.RolesDictionaryTest.GetRoles_Return_List","ExecutorUri":"executor://xunit/VsTestRunner2/netcoreapp","Source":"D:\\GetHub\\homeCareService\\HomeCarService.BackEnd\\Test\\XUnitTest.Base\\bin\\Debug\\netcoreapp3.1\\fine-code-coverage\\build-output\\XUnitTest.Base.dll","CodeFilePath":null,"LineNumber":0,"Properties":[]},"Attachments":[],"Outcome":1,"ErrorMessage":null,"ErrorStackTrace":null,"DisplayName":"XUnitTest.Base.Dictionarys.RolesDictionaryTest.GetRoles_Return_List","Messages":[],"ComputerName":"DESKTOP-7BTCSUK","Duration":"00:00:00.0210234","StartTime":"2021-08-06T14:29:18.5177922+00:00","EndTime":"2021-08-06T14:29:18.517793+00:00","Properties":[]},{"TestCase":{"Id":"3d7c5e7b-8eff-50d5-5400-58f1eb9890b8","FullyQualifiedName":"XUnitTest.Base.Dictionarys.RolesDictionaryTest.GetRoleKey_With_value_Return_Key","DisplayName":"XUnitTest.Base.Dictionarys.RolesDictionaryTest.GetRoleKey_With_value_Return_Key","ExecutorUri":"executor://xunit/VsTestRunner2/netcoreapp","Source":"D:\\GetHub\\homeCareService\\HomeCarService.BackEnd\\Test\\XUnitTest.Base\\bin\\Debug\\netcoreapp3.1\\fine-code-coverage\\build-output\\XUnitTest.Base.dll","CodeFilePath":null,"LineNumber":0,"Properties":[]},"Attachments":[],"Outcome":1,"ErrorMessage":null,"ErrorStackTrace":null,"DisplayName":"XUnitTest.Base.Dictionarys.RolesDictionaryTest.GetRoleKey_With_value_Return_Key","Messages":[],"ComputerName":"DESKTOP-7BTCSUK","Duration":"00:00:00.0029192","StartTime":"2021-08-06T14:29:18.5198084+00:00","EndTime":"2021-08-06T14:29:18.5198107+00:00","Properties":[]},{"TestCase":{"Id":"ca13f56d-01bc-bf3c-e8d1-33647ba88d95","FullyQualifiedName":"XUnitTest.Base.Helper.CoordinateTest.GetGeoCoordinate_Return_GeoCoordinate","DisplayName":"XUnitTest.Base.Helper.CoordinateTest.GetGeoCoordinate_Return_GeoCoordinate(Lat: 15.12, Lon: 32.12)","ExecutorUri":"executor://xunit/VsTestRunner2/netcoreapp","Source":"D:\\GetHub\\homeCareService\\HomeCarService.BackEnd\\Test\\XUnitTest.Base\\bin\\Debug\\netcoreapp3.1\\fine-code-coverage\\build-output\\XUnitTest.Base.dll","CodeFilePath":null,"LineNumber":0,"Properties":[]},"Attachments":[],"Outcome":1,"ErrorMessage":null,"ErrorStackTrace":null,"DisplayName":"XUnitTest.Base.Helper.CoordinateTest.GetGeoCoordinate_Return_GeoCoordinate(Lat: 15.12, Lon: 32.12)","Messages":[],"ComputerName":"DESKTOP-7BTCSUK","Duration":"00:00:00.0260123","StartTime":"2021-08-06T14:29:18.5222579+00:00","EndTime":"2021-08-06T14:29:18.5222607+00:00","Properties":[]},{"TestCase":{"Id":"f2b97923-4219-e87e-c7a8-458c1ffcd16d","FullyQualifiedName":"XUnitTest.Base.Dictionarys.RolesDictionaryTest.GetRoleValue_With_Key_Return_Value","DisplayName":"XUnitTest.Base.Dictionarys.RolesDictionaryTest.GetRoleValue_With_Key_Return_Value","ExecutorUri":"executor://xunit/VsTestRunner2/netcoreapp","Source":"D:\\GetHub\\homeCareService\\HomeCarService.BackEnd\\Test\\XUnitTest.Base\\bin\\Debug\\netcoreapp3.1\\fine-code-coverage\\build-output\\XUnitTest.Base.dll","CodeFilePath":null,"LineNumber":0,"Properties":[]},"Attachments":[],"Outcome":1,"ErrorMessage":null,"ErrorStackTrace":null,"DisplayName":"XUnitTest.Base.Dictionarys.RolesDictionaryTest.GetRoleValue_With_Key_Return_Value","Messages":[],"ComputerName":"DESKTOP-7BTCSUK","Duration":"00:00:00.0035948","StartTime":"2021-08-06T14:29:18.5236739+00:00","EndTime":"2021-08-06T14:29:18.523675+00:00","Properties":[]}],"TestRunStatistics":{"ExecutedTests":8,"Stats":{"Passed":8}},"ActiveTests":[{"Id":"9da23b49-371f-d7e3-06fb-20b7880ab1b9","FullyQualifiedName":"XUnitTest.Base.Messages.SystemMessagesTest+FireBaseMessagesTest.FireBaseMessagesEn_Return_String","DisplayName":"XUnitTest.Base.Messages.SystemMessagesTest+FireBaseMessagesTest.FireBaseMessagesEn_Return_String","ExecutorUri":"executor://xunit/VsTestRunner2/netcoreapp","Source":"D:\\GetHub\\homeCareService\\HomeCarService.BackEnd\\Test\\XUnitTest.Base\\bin\\Debug\\netcoreapp3.1\\fine-code-coverage\\build-output\\XUnitTest.Base.dll","CodeFilePath":null,"LineNumber":0,"Properties":[]},{"Id":"faf93210-18ca-fed1-2124-6cd2bc44e425","FullyQualifiedName":"XUnitTest.Base.Helper.StringCipherTest.Encrypt_With_InputText_Return_String","DisplayName":"XUnitTest.Base.Helper.StringCipherTest.Encrypt_With_InputText_Return_String","ExecutorUri":"executor://xunit/VsTestRunner2/netcoreapp","Source":"D:\\GetHub\\homeCareService\\HomeCarService.BackEnd\\Test\\XUnitTest.Base\\bin\\Debug\\netcoreapp3.1\\fine-code-coverage\\build-output\\XUnitTest.Base.dll","CodeFilePath":null,"LineNumber":0,"Properties":[]}]}}
TpTrace Verbose: 0 : 3672, 9, 2021/08/06, 07:29:18.591, 3362194626522, vstest.console.dll, TestRunRequest:SendTestRunStatsChange: Starting.
TpTrace Verbose: 0 : 3672, 9, 2021/08/06, 07:29:18.591, 3362194628508, vstest.console.dll, InProgress is XUnitTest.Base.Messages.SystemMessagesTest+FireBaseMessagesTest.FireBaseMessagesEn_Return_String
TpTrace Verbose: 0 : 3672, 9, 2021/08/06, 07:29:18.591, 3362194629142, vstest.console.dll, InProgress is XUnitTest.Base.Helper.StringCipherTest.Encrypt_With_InputText_Return_String
TpTrace Information: 0 : 3672, 9, 2021/08/06, 07:29:18.591, 3362194631910, vstest.console.dll, TestRunRequest:SendTestRunStatsChange: Completed.
TpTrace Verbose: 0 : 3672, 9, 2021/08/06, 07:29:18.591, 3362194632625, vstest.console.dll, TcpClientExtensions.MessageLoopAsync: Polling on remoteEndPoint: 127.0.0.1:17341 localEndPoint: 127.0.0.1:17340
TpTrace Verbose: 0 : 3672, 9, 2021/08/06, 07:29:18.591, 3362194633303, vstest.console.dll, TcpClientExtensions.MessageLoopAsync: NotifyDataAvailable remoteEndPoint: 127.0.0.1:17341 localEndPoint: 127.0.0.1:17340
TpTrace Verbose: 0 : 3672, 9, 2021/08/06, 07:29:18.591, 3362194635724, vstest.console.dll, TestRequestSender.OnExecutionMessageReceived: Received message: {"Version":2,"MessageType":"TestExecution.StatsChange","Payload":{"NewTestResults":[{"TestCase":{"Id":"9da23b49-371f-d7e3-06fb-20b7880ab1b9","FullyQualifiedName":"XUnitTest.Base.Messages.SystemMessagesTest+FireBaseMessagesTest.FireBaseMessagesEn_Return_String","DisplayName":"XUnitTest.Base.Messages.SystemMessagesTest+FireBaseMessagesTest.FireBaseMessagesEn_Return_String","ExecutorUri":"executor://xunit/VsTestRunner2/netcoreapp","Source":"D:\\GetHub\\homeCareService\\HomeCarService.BackEnd\\Test\\XUnitTest.Base\\bin\\Debug\\netcoreapp3.1\\fine-code-coverage\\build-output\\XUnitTest.Base.dll","CodeFilePath":null,"LineNumber":0,"Properties":[]},"Attachments":[],"Outcome":1,"ErrorMessage":null,"ErrorStackTrace":null,"DisplayName":"XUnitTest.Base.Messages.SystemMessagesTest+FireBaseMessagesTest.FireBaseMessagesEn_Return_String","Messages":[],"ComputerName":"DESKTOP-7BTCSUK","Duration":"00:00:00.0005819","StartTime":"2021-08-06T14:29:18.558139+00:00","EndTime":"2021-08-06T14:29:18.5581415+00:00","Properties":[]},{"TestCase":{"Id":"d0dfc596-4a7b-745a-f058-645425eb2d3c","FullyQualifiedName":"XUnitTest.Base.Messages.SystemMessagesTest+FireBaseMessagesTest.FireBaseMessagesAr_Return_String","DisplayName":"XUnitTest.Base.Messages.SystemMessagesTest+FireBaseMessagesTest.FireBaseMessagesAr_Return_String","ExecutorUri":"executor://xunit/VsTestRunner2/netcoreapp","Source":"D:\\GetHub\\homeCareService\\HomeCarService.BackEnd\\Test\\XUnitTest.Base\\bin\\Debug\\netcoreapp3.1\\fine-code-coverage\\build-output\\XUnitTest.Base.dll","CodeFilePath":null,"LineNumber":0,"Properties":[]},"Attachments":[],"Outcome":1,"ErrorMessage":null,"ErrorStackTrace":null,"DisplayName":"XUnitTest.Base.Messages.SystemMessagesTest+FireBaseMessagesTest.FireBaseMessagesAr_Return_String","Messages":[],"ComputerName":"DESKTOP-7BTCSUK","Duration":"00:00:00.0002014","StartTime":"2021-08-06T14:29:18.5630346+00:00","EndTime":"2021-08-06T14:29:18.5630379+00:00","Properties":[]},{"TestCase":{"Id":"3558a933-cd01-508c-cc2f-c2ca7ae58f2b","FullyQualifiedName":"XUnitTest.Base.Helper.GenerateRandomTest.Random4Digit_Return_RandomDigit","DisplayName":"XUnitTest.Base.Helper.GenerateRandomTest.Random4Digit_Return_RandomDigit","ExecutorUri":"executor://xunit/VsTestRunner2/netcoreapp","Source":"D:\\GetHub\\homeCareService\\HomeCarService.BackEnd\\Test\\XUnitTest.Base\\bin\\Debug\\netcoreapp3.1\\fine-code-coverage\\build-output\\XUnitTest.Base.dll","CodeFilePath":null,"LineNumber":0,"Properties":[]},"Attachments":[],"Outcome":1,"ErrorMessage":null,"ErrorStackTrace":null,"DisplayName":"XUnitTest.Base.Helper.GenerateRandomTest.Random4Digit_Return_RandomDigit","Messages":[],"ComputerName":"DESKTOP-7BTCSUK","Duration":"00:00:00.0009958","StartTime":"2021-08-06T14:29:18.5656003+00:00","EndTime":"2021-08-06T14:29:18.5656033+00:00","Properties":[]},{"TestCase":{"Id":"7b46745a-92cd-dd66-0ed5-bf3c8e7aecbc","FullyQualifiedName":"XUnitTest.Base.Helper.DateTimeTest.CustomDateTimeFormat_With_hour_Return_DateTime","DisplayName":"XUnitTest.Base.Helper.DateTimeTest.CustomDateTimeFormat_With_hour_Return_DateTime(hour: 2)","ExecutorUri":"executor://xunit/VsTestRunner2/netcoreapp","Source":"D:\\GetHub\\homeCareService\\HomeCarService.BackEnd\\Test\\XUnitTest.Base\\bin\\Debug\\netcoreapp3.1\\fine-code-coverage\\build-output\\XUnitTest.Base.dll","CodeFilePath":null,"LineNumber":0,"Properties":[]},"Attachments":[],"Outcome":1,"ErrorMessage":null,"ErrorStackTrace":null,"DisplayName":"XUnitTest.Base.Helper.DateTimeTest.CustomDateTimeFormat_With_hour_Return_DateTime(hour: 2)","Messages":[],"ComputerName":"DESKTOP-7BTCSUK","Duration":"00:00:00.0015680","StartTime":"2021-08-06T14:29:18.5685087+00:00","EndTime":"2021-08-06T14:29:18.5685115+00:00","Properties":[]},{"TestCase":{"Id":"6296b181-a824-2125-5eed-048b015d98fd","FullyQualifiedName":"XUnitTest.Base.Helper.DateTimeTest.CustomDateTimeFormat_With_hour_Return_DateTime","DisplayName":"XUnitTest.Base.Helper.DateTimeTest.CustomDateTimeFormat_With_hour_Return_DateTime(hour: 1)","ExecutorUri":"executor://xunit/VsTestRunner2/netcoreapp","Source":"D:\\GetHub\\homeCareService\\HomeCarService.BackEnd\\Test\\XUnitTest.Base\\bin\\Debug\\netcoreapp3.1\\fine-code-coverage\\build-output\\XUnitTest.Base.dll","CodeFilePath":null,"LineNumber":0,"Properties":[]},"Attachments":[],"Outcome":1,"ErrorMessage":null,"ErrorStackTrace":null,"DisplayName":"XUnitTest.Base.Helper.DateTimeTest.CustomDateTimeFormat_With_hour_Return_DateTime(hour: 1)","Messages":[],"ComputerName":"DESKTOP-7BTCSUK","Duration":"00:00:00.0000608","StartTime":"2021-08-06T14:29:18.5710225+00:00","EndTime":"2021-08-06T14:29:18.571025+00:00","Properties":[]},{"TestCase":{"Id":"2522cc18-9cca-6aeb-1385-0b9be7fc0267","FullyQualifiedName":"XUnitTest.Base.Helper.DateTimeTest.CustomDateTimeFormat_With_hour_Return_DateTime","DisplayName":"XUnitTest.Base.Helper.DateTimeTest.CustomDateTimeFormat_With_hour_Return_DateTime(hour: 3)","ExecutorUri":"executor://xunit/VsTestRunner2/netcoreapp","Source":"D:\\GetHub\\homeCareService\\HomeCarService.BackEnd\\Test\\XUnitTest.Base\\bin\\Debug\\netcoreapp3.1\\fine-code-coverage\\build-output\\XUnitTest.Base.dll","CodeFilePath":null,"LineNumber":0,"Properties":[]},"Attachments":[],"Outcome":1,"ErrorMessage":null,"ErrorStackTrace":null,"DisplayName":"XUnitTest.Base.Helper.DateTimeTest.CustomDateTimeFormat_With_hour_Return_DateTime(hour: 3)","Messages":[],"ComputerName":"DESKTOP-7BTCSUK","Duration":"00:00:00.0000224","StartTime":"2021-08-06T14:29:18.5735755+00:00","EndTime":"2021-08-06T14:29:18.5735786+00:00","Properties":[]},{"TestCase":{"Id":"9a5909c2-c00a-e6a7-9a85-28dcc4ce4faa","FullyQualifiedName":"XUnitTest.Base.Helper.DateTimeTest.CustomDateTimeFormat_With_hour_Return_DateTime","DisplayName":"XUnitTest.Base.Helper.DateTimeTest.CustomDateTimeFormat_With_hour_Return_DateTime(hour: 4)","ExecutorUri":"executor://xunit/VsTestRunner2/netcoreapp","Source":"D:\\GetHub\\homeCareService\\HomeCarService.BackEnd\\Test\\XUnitTest.Base\\bin\\Debug\\netcoreapp3.1\\fine-code-coverage\\build-output\\XUnitTest.Base.dll","CodeFilePath":null,"LineNumber":0,"Properties":[]},"Attachments":[],"Outcome":1,"ErrorMessage":null,"ErrorStackTrace":null,"DisplayName":"XUnitTest.Base.Helper.DateTimeTest.CustomDateTimeFormat_With_hour_Return_DateTime(hour: 4)","Messages":[],"ComputerName":"DESKTOP-7BTCSUK","Duration":"00:00:00.0000169","StartTime":"2021-08-06T14:29:18.5761542+00:00","EndTime":"2021-08-06T14:29:18.5761571+00:00","Properties":[]},{"TestCase":{"Id":"51b4b354-5051-318c-07c2-9fcf0e6bcf25","FullyQualifiedName":"XUnitTest.Base.Helper.DateTimeTest.GetCurrentDateTime_With_hour_Return_DateTime","DisplayName":"XUnitTest.Base.Helper.DateTimeTest.GetCurrentDateTime_With_hour_Return_DateTime(hour: 3)","ExecutorUri":"executor://xunit/VsTestRunner2/netcoreapp","Source":"D:\\GetHub\\homeCareService\\HomeCarService.BackEnd\\Test\\XUnitTest.Base\\bin\\Debug\\netcoreapp3.1\\fine-code-coverage\\build-output\\XUnitTest.Base.dll","CodeFilePath":null,"LineNumber":0,"Properties":[]},"Attachments":[],"Outcome":1,"ErrorMessage":null,"ErrorStackTrace":null,"DisplayName":"XUnitTest.Base.Helper.DateTimeTest.GetCurrentDateTime_With_hour_Return_DateTime(hour: 3)","Messages":[],"ComputerName":"DESKTOP-7BTCSUK","Duration":"00:00:00.0005212","StartTime":"2021-08-06T14:29:18.5786745+00:00","EndTime":"2021-08-06T14:29:18.5786769+00:00","Properties":[]}],"TestRunStatistics":{"ExecutedTests":16,"Stats":{"Passed":16}},"ActiveTests":[{"Id":"3f8af9c1-c200-411d-fc30-0dd97c27b145","FullyQualifiedName":"XUnitTest.Base.Helper.GenerateRandomTest.RandomNumDigit_With_Num_Return_RandomDigit","DisplayName":"XUnitTest.Base.Helper.GenerateRandomTest.RandomNumDigit_With_Num_Return_RandomDigit","ExecutorUri":"executor://xunit/VsTestRunner2/netcoreapp","Source":"D:\\GetHub\\homeCareService\\HomeCarService.BackEnd\\Test\\XUnitTest.Base\\bin\\Debug\\netcoreapp3.1\\fine-code-coverage\\build-output\\XUnitTest.Base.dll","CodeFilePath":null,"LineNumber":0,"Properties":[]},{"Id":"ff785e78-e6a8-2424-1de2-2ae6256ce78c","FullyQualifiedName":"XUnitTest.Base.Helper.DateTimeTest.GetCurrentDateTime_With_hour_Return_DateTime","DisplayName":"XUnitTest.Base.Helper.DateTimeTest.GetCurrentDateTime_With_hour_Return_DateTime(hour: 1)","ExecutorUri":"executor://xunit/VsTestRunner2/netcoreapp","Source":"D:\\GetHub\\homeCareService\\HomeCarService.BackEnd\\Test\\XUnitTest.Base\\bin\\Debug\\netcoreapp3.1\\fine-code-coverage\\build-output\\XUnitTest.Base.dll","CodeFilePath":null,"LineNumber":0,"Properties":[]}]}}
TpTrace Verbose: 0 : 3672, 9, 2021/08/06, 07:29:18.594, 3362194659029, vstest.console.dll, TestRunRequest:SendTestRunStatsChange: Starting.
TpTrace Verbose: 0 : 3672, 9, 2021/08/06, 07:29:18.594, 3362194660148, vstest.console.dll, InProgress is XUnitTest.Base.Helper.GenerateRandomTest.RandomNumDigit_With_Num_Return_RandomDigit
TpTrace Verbose: 0 : 3672, 9, 2021/08/06, 07:29:18.594, 3362194660715, vstest.console.dll, InProgress is XUnitTest.Base.Helper.DateTimeTest.GetCurrentDateTime_With_hour_Return_DateTime(hour: 1)
TpTrace Information: 0 : 3672, 9, 2021/08/06, 07:29:18.594, 3362194661598, vstest.console.dll, TestRunRequest:SendTestRunStatsChange: Completed.
TpTrace Verbose: 0 : 3672, 9, 2021/08/06, 07:29:18.594, 3362194662240, vstest.console.dll, TcpClientExtensions.MessageLoopAsync: Polling on remoteEndPoint: 127.0.0.1:17341 localEndPoint: 127.0.0.1:17340
TpTrace Verbose: 0 : 3672, 9, 2021/08/06, 07:29:18.597, 3362194689608, vstest.console.dll, TcpClientExtensions.MessageLoopAsync: NotifyDataAvailable remoteEndPoint: 127.0.0.1:17341 localEndPoint: 127.0.0.1:17340
TpTrace Verbose: 0 : 3672, 9, 2021/08/06, 07:29:18.597, 3362194691128, vstest.console.dll, TestRequestSender.OnExecutionMessageReceived: Received message: {"Version":2,"MessageType":"TestSession.Message","Payload":{"MessageLevel":0,"Message":"[xUnit.net 00:00:01.19]   Finished:    XUnitTest.Base"}}
TpTrace Verbose: 0 : 3672, 9, 2021/08/06, 07:29:18.597, 3362194692853, vstest.console.dll, TestRunRequest:SendTestRunMessage: Starting.
TpTrace Information: 0 : 3672, 9, 2021/08/06, 07:29:18.597, 3362194693742, vstest.console.dll, TestRunRequest:SendTestRunMessage: Completed.
TpTrace Verbose: 0 : 3672, 9, 2021/08/06, 07:29:18.597, 3362194694438, vstest.console.dll, TcpClientExtensions.MessageLoopAsync: Polling on remoteEndPoint: 127.0.0.1:17341 localEndPoint: 127.0.0.1:17340
TpTrace Verbose: 0 : 3672, 9, 2021/08/06, 07:29:18.616, 3362194876837, vstest.console.dll, TcpClientExtensions.MessageLoopAsync: NotifyDataAvailable remoteEndPoint: 127.0.0.1:17341 localEndPoint: 127.0.0.1:17340
TpTrace Verbose: 0 : 3672, 9, 2021/08/06, 07:29:18.616, 3362194879021, vstest.console.dll, TestRequestSender.OnExecutionMessageReceived: Received message: {"Version":2,"MessageType":"TestExecution.Completed","Payload":{"TestRunCompleteArgs":{"TestRunStatistics":{"ExecutedTests":22,"Stats":{"Passed":22}},"IsCanceled":false,"IsAborted":false,"Error":null,"AttachmentSets":[],"ElapsedTimeInRunningTests":"00:00:01.2032410","Metrics":{}},"LastRunTests":{"NewTestResults":[{"TestCase":{"Id":"ff785e78-e6a8-2424-1de2-2ae6256ce78c","FullyQualifiedName":"XUnitTest.Base.Helper.DateTimeTest.GetCurrentDateTime_With_hour_Return_DateTime","DisplayName":"XUnitTest.Base.Helper.DateTimeTest.GetCurrentDateTime_With_hour_Return_DateTime(hour: 1)","ExecutorUri":"executor://xunit/VsTestRunner2/netcoreapp","Source":"D:\\GetHub\\homeCareService\\HomeCarService.BackEnd\\Test\\XUnitTest.Base\\bin\\Debug\\netcoreapp3.1\\fine-code-coverage\\build-output\\XUnitTest.Base.dll","CodeFilePath":null,"LineNumber":0,"Properties":[]},"Attachments":[],"Outcome":1,"ErrorMessage":null,"ErrorStackTrace":null,"DisplayName":"XUnitTest.Base.Helper.DateTimeTest.GetCurrentDateTime_With_hour_Return_DateTime(hour: 1)","Messages":[],"ComputerName":"DESKTOP-7BTCSUK","Duration":"00:00:00.0000443","StartTime":"2021-08-06T14:29:18.5825931+00:00","EndTime":"2021-08-06T14:29:18.5825966+00:00","Properties":[]},{"TestCase":{"Id":"bcd4bd33-21b2-8d97-5ded-39386139ff54","FullyQualifiedName":"XUnitTest.Base.Helper.DateTimeTest.GetCurrentDateTime_With_hour_Return_DateTime","DisplayName":"XUnitTest.Base.Helper.DateTimeTest.GetCurrentDateTime_With_hour_Return_DateTime(hour: 4)","ExecutorUri":"executor://xunit/VsTestRunner2/netcoreapp","Source":"D:\\GetHub\\homeCareService\\HomeCarService.BackEnd\\Test\\XUnitTest.Base\\bin\\Debug\\netcoreapp3.1\\fine-code-coverage\\build-output\\XUnitTest.Base.dll","CodeFilePath":null,"LineNumber":0,"Properties":[]},"Attachments":[],"Outcome":1,"ErrorMessage":null,"ErrorStackTrace":null,"DisplayName":"XUnitTest.Base.Helper.DateTimeTest.GetCurrentDateTime_With_hour_Return_DateTime(hour: 4)","Messages":[],"ComputerName":"DESKTOP-7BTCSUK","Duration":"00:00:00.0000145","StartTime":"2021-08-06T14:29:18.5852644+00:00","EndTime":"2021-08-06T14:29:18.5852673+00:00","Properties":[]},{"TestCase":{"Id":"45f943ea-6931-1313-ab00-0666e58c22fc","FullyQualifiedName":"XUnitTest.Base.Helper.DateTimeTest.GetCurrentDateTime_With_hour_Return_DateTime","DisplayName":"XUnitTest.Base.Helper.DateTimeTest.GetCurrentDateTime_With_hour_Return_DateTime(hour: 2)","ExecutorUri":"executor://xunit/VsTestRunner2/netcoreapp","Source":"D:\\GetHub\\homeCareService\\HomeCarService.BackEnd\\Test\\XUnitTest.Base\\bin\\Debug\\netcoreapp3.1\\fine-code-coverage\\build-output\\XUnitTest.Base.dll","CodeFilePath":null,"LineNumber":0,"Properties":[]},"Attachments":[],"Outcome":1,"ErrorMessage":null,"ErrorStackTrace":null,"DisplayName":"XUnitTest.Base.Helper.DateTimeTest.GetCurrentDateTime_With_hour_Return_DateTime(hour: 2)","Messages":[],"ComputerName":"DESKTOP-7BTCSUK","Duration":"00:00:00.0000122","StartTime":"2021-08-06T14:29:18.5877306+00:00","EndTime":"2021-08-06T14:29:18.5877333+00:00","Properties":[]},{"TestCase":{"Id":"3f8af9c1-c200-411d-fc30-0dd97c27b145","FullyQualifiedName":"XUnitTest.Base.Helper.GenerateRandomTest.RandomNumDigit_With_Num_Return_RandomDigit","DisplayName":"XUnitTest.Base.Helper.GenerateRandomTest.RandomNumDigit_With_Num_Return_RandomDigit","ExecutorUri":"executor://xunit/VsTestRunner2/netcoreapp","Source":"D:\\GetHub\\homeCareService\\HomeCarService.BackEnd\\Test\\XUnitTest.Base\\bin\\Debug\\netcoreapp3.1\\fine-code-coverage\\build-output\\XUnitTest.Base.dll","CodeFilePath":null,"LineNumber":0,"Properties":[]},"Attachments":[],"Outcome":1,"ErrorMessage":null,"ErrorStackTrace":null,"DisplayName":"XUnitTest.Base.Helper.GenerateRandomTest.RandomNumDigit_With_Num_Return_RandomDigit","Messages":[],"ComputerName":"DESKTOP-7BTCSUK","Duration":"00:00:00.0043474","StartTime":"2021-08-06T14:29:18.5890736+00:00","EndTime":"2021-08-06T14:29:18.5890747+00:00","Properties":[]},{"TestCase":{"Id":"faf93210-18ca-fed1-2124-6cd2bc44e425","FullyQualifiedName":"XUnitTest.Base.Helper.StringCipherTest.Encrypt_With_InputText_Return_String","DisplayName":"XUnitTest.Base.Helper.StringCipherTest.Encrypt_With_InputText_Return_String","ExecutorUri":"executor://xunit/VsTestRunner2/netcoreapp","Source":"D:\\GetHub\\homeCareService\\HomeCarService.BackEnd\\Test\\XUnitTest.Base\\bin\\Debug\\netcoreapp3.1\\fine-code-coverage\\build-output\\XUnitTest.Base.dll","CodeFilePath":null,"LineNumber":0,"Properties":[]},"Attachments":[],"Outcome":1,"ErrorMessage":null,"ErrorStackTrace":null,"DisplayName":"XUnitTest.Base.Helper.StringCipherTest.Encrypt_With_InputText_Return_String","Messages":[],"ComputerName":"DESKTOP-7BTCSUK","Duration":"00:00:00.0085681","StartTime":"2021-08-06T14:29:18.59061+00:00","EndTime":"2021-08-06T14:29:18.590611+00:00","Properties":[]},{"TestCase":{"Id":"71b3b058-8fe6-59c5-2d7f-070048de21e0","FullyQualifiedName":"XUnitTest.Base.Helper.StringCipherTest.Decrypt_With_EncryptText_Return_String","DisplayName":"XUnitTest.Base.Helper.StringCipherTest.Decrypt_With_EncryptText_Return_String","ExecutorUri":"executor://xunit/VsTestRunner2/netcoreapp","Source":"D:\\GetHub\\homeCareService\\HomeCarService.BackEnd\\Test\\XUnitTest.Base\\bin\\Debug\\netcoreapp3.1\\fine-code-coverage\\build-output\\XUnitTest.Base.dll","CodeFilePath":null,"LineNumber":0,"Properties":[]},"Attachments":[],"Outcome":1,"ErrorMessage":null,"ErrorStackTrace":null,"DisplayName":"XUnitTest.Base.Helper.StringCipherTest.Decrypt_With_EncryptText_Return_String","Messages":[],"ComputerName":"DESKTOP-7BTCSUK","Duration":"00:00:00.0012439","StartTime":"2021-08-06T14:29:18.5935336+00:00","EndTime":"2021-08-06T14:29:18.593537+00:00","Properties":[]}],"TestRunStatistics":{"ExecutedTests":22,"Stats":{"Passed":22}},"ActiveTests":[]},"RunAttachments":[],"ExecutorUris":["executor://xunit/VsTestRunner2/netcoreapp"]}}
TpTrace Verbose: 0 : 3672, 9, 2021/08/06, 07:29:18.616, 3362194882191, vstest.console.dll, TestRequestSender.EndSession: Sending end session.
TpTrace Verbose: 0 : 3672, 9, 2021/08/06, 07:29:18.616, 3362194883481, vstest.console.dll, ProxyOperationManager.Close: waiting for test host to exit for 100 ms
TpTrace Warning: 0 : 3672, 10, 2021/08/06, 07:29:18.654, 3362195261360, vstest.console.dll, TestHostManagerCallbacks.ErrorReceivedCallback Test host standard error line: 
TpTrace Verbose: 0 : 3672, 11, 2021/08/06, 07:29:18.671, 3362195434793, vstest.console.dll, TestHostProvider.ExitCallBack: Host exited starting callback.
TpTrace Information: 0 : 3672, 11, 2021/08/06, 07:29:18.672, 3362195442612, vstest.console.dll, TestHostManagerCallbacks.ExitCallBack: Testhost processId: 13552 exited with exitcode: 0 error: ''
TpTrace Verbose: 0 : 3672, 11, 2021/08/06, 07:29:18.672, 3362195443509, vstest.console.dll, DotnetTestHostManager.OnHostExited: invoking OnHostExited callback
TpTrace Verbose: 0 : 3672, 11, 2021/08/06, 07:29:18.672, 3362195444431, vstest.console.dll, CrossPlatEngine.TestHostManagerHostExited: calling on client process exit callback.
TpTrace Information: 0 : 3672, 11, 2021/08/06, 07:29:18.672, 3362195445370, vstest.console.dll, TestRequestSender.OnClientProcessExit: Test host process exited. Standard error: 
TpTrace Warning: 0 : 3672, 9, 2021/08/06, 07:29:18.672, 3362195445483, vstest.console.dll, ProxyOperationManager: Timed out waiting for test host to exit. Will terminate process.
TpTrace Information: 0 : 3672, 11, 2021/08/06, 07:29:18.672, 3362195446137, vstest.console.dll, SocketServer.Stop: Stop server endPoint: 127.0.0.1:17340
TpTrace Information: 0 : 3672, 11, 2021/08/06, 07:29:18.673, 3362195447626, vstest.console.dll, SocketServer.Stop: Cancellation requested. Stopping message loop.
TpTrace Verbose: 0 : 3672, 9, 2021/08/06, 07:29:18.673, 3362195455378, vstest.console.dll, ProxyDataCollectionManager.InvokeDataCollectionServiceAction: Starting.
TpTrace Information: 0 : 3672, 9, 2021/08/06, 07:29:18.674, 3362195456170, vstest.console.dll, ProxyDataCollectionManager.AfterTestRunEnd: Get attachment set for datacollector processId: 11088 port: 17334
TpTrace Verbose: 0 : 3672, 9, 2021/08/06, 07:29:18.674, 3362195456736, vstest.console.dll, DataCollectionRequestSender.SendAfterTestRunStartAndGetResult : Send AfterTestRunEnd message with isCancelled: False
TpTrace Verbose: 0 : 3672, 9, 2021/08/06, 07:29:18.676, 3362195477803, vstest.console.dll, DataCollectionRequestSender.SendAfterTestRunStartAndGetResult : Received message: (DataCollection.AfterTestRunEndResult) -> []
TpTrace Information: 0 : 3672, 9, 2021/08/06, 07:29:18.677, 3362195493676, vstest.console.dll, ProxyDataCollectionManager.InvokeDataCollectionServiceAction: Completed.
TpTrace Warning: 0 : 3672, 6, 2021/08/06, 07:29:18.685, 3362195572125, vstest.console.dll, DataCollectionLauncher.ErrorReceivedCallback datacollector standard error line: 
TpTrace Information: 0 : 3672, 11, 2021/08/06, 07:29:18.692, 3362195643430, vstest.console.dll, DataCollectionLauncher.ExitCallBack: Data collector exited with exitcode: 0 error: ''
TpTrace Verbose: 0 : 3672, 9, 2021/08/06, 07:29:18.708, 3362195800111, vstest.console.dll, TestRunRequest:SendTestRunStatsChange: Starting.
TpTrace Information: 0 : 3672, 9, 2021/08/06, 07:29:18.708, 3362195801854, vstest.console.dll, TestRunRequest:SendTestRunStatsChange: Completed.
TpTrace Verbose: 0 : 3672, 9, 2021/08/06, 07:29:18.708, 3362195804905, vstest.console.dll, ParallelProxyExecutionManager: HandlePartialRunComplete: Total completed clients = 1, Run complete = True, Run canceled: False.
TpTrace Verbose: 0 : 3672, 9, 2021/08/06, 07:29:18.729, 3362196010333, vstest.console.dll, TestRunRequest:TestRunComplete: Starting. IsAborted:False IsCanceled:False.
TpTrace Verbose: 0 : 3672, 9, 2021/08/06, 07:29:18.729, 3362196012694, vstest.console.dll, TestLoggerManager.HandleTestRunComplete: Ignoring as the object is disposed.
TpTrace Information: 0 : 3672, 9, 2021/08/06, 07:29:18.730, 3362196016581, vstest.console.dll, TestRunRequest:TestRunComplete: Completed.
TpTrace Verbose: 0 : 3672, 1, 2021/08/06, 07:29:18.730, 3362196016723, vstest.console.dll, TestRunRequest.Dispose: Starting.
TpTrace Verbose: 0 : 3672, 9, 2021/08/06, 07:29:18.730, 3362196017554, vstest.console.dll, TestRequestSender.SetOperationComplete: Setting operation complete.
TpTrace Information: 0 : 3672, 1, 2021/08/06, 07:29:18.730, 3362196018353, vstest.console.dll, TestRunRequest.Dispose: Completed.
TpTrace Information: 0 : 3672, 1, 2021/08/06, 07:29:18.730, 3362196019581, vstest.console.dll, TestRequestManager.RunTests: run tests completed.
TpTrace Information: 0 : 3672, 9, 2021/08/06, 07:29:18.730, 3362196020269, vstest.console.dll, SocketServer.Stop: Stop server endPoint: 127.0.0.1:17340
TpTrace Information: 0 : 3672, 9, 2021/08/06, 07:29:18.730, 3362196020900, vstest.console.dll, SocketServer.Stop: Cancellation requested. Stopping message loop.
TpTrace Information: 0 : 3672, 1, 2021/08/06, 07:29:18.730, 3362196020600, vstest.console.dll, RunTestsArgumentProcessor:Execute: Test run is completed.
TpTrace Information: 0 : 3672, 9, 2021/08/06, 07:29:18.730, 3362196021630, vstest.console.dll, SocketServer.PrivateStop: Stop server endPoint: 127.0.0.1:17340 error: 
TpTrace Verbose: 0 : 3672, 1, 2021/08/06, 07:29:18.730, 3362196022440, vstest.console.dll, Executor.Execute: Exiting with exit code of 0
TpTrace Verbose: 0 : 3672, 9, 2021/08/06, 07:29:18.731, 3362196027760, vstest.console.dll, LengthPrefixCommunicationChannel.Dispose: Dispose reader and writer.
TpTrace Information: 0 : 3672, 9, 2021/08/06, 07:29:18.731, 3362196029629, vstest.console.dll, SocketServer.Stop: Raise disconnected event endPoint: 127.0.0.1:17340 error: 
